#! /opt/homebrew/Cellar/icarus-verilog/12.0/bin/vvp
:ivl_version "12.0 (stable)";
:ivl_delay_selection "TYPICAL";
:vpi_time_precision - 9;
:vpi_module "/opt/homebrew/Cellar/icarus-verilog/12.0/lib/ivl/system.vpi";
:vpi_module "/opt/homebrew/Cellar/icarus-verilog/12.0/lib/ivl/vhdl_sys.vpi";
:vpi_module "/opt/homebrew/Cellar/icarus-verilog/12.0/lib/ivl/vhdl_textio.vpi";
:vpi_module "/opt/homebrew/Cellar/icarus-verilog/12.0/lib/ivl/v2005_math.vpi";
:vpi_module "/opt/homebrew/Cellar/icarus-verilog/12.0/lib/ivl/va_math.vpi";
S_0x14b0567f0 .scope module, "tb_riscv_sc" "tb_riscv_sc" 2 4;
 .timescale -9 -9;
v0x14b06c5c0_0 .var "clk", 0 0;
v0x14b06c650_0 .var "start", 0 0;
S_0x14b03dba0 .scope module, "riscv_DUT" "SingleCycleCPU" 2 10, 3 14 0, S_0x14b0567f0;
 .timescale 0 0;
    .port_info 0 /INPUT 1 "clk";
    .port_info 1 /INPUT 1 "start";
L_0x14b06c8a0 .functor AND 1, v0x14b0638b0_0, L_0x14b06f160, C4<1>, C4<1>;
L_0x14b06c990 .functor OR 1, L_0x14b06c8a0, L_0x14b06c780, C4<0>, C4<0>;
v0x14b06aac0_0 .net *"_ivl_1", 6 0, L_0x14b06c6e0;  1 drivers
L_0x150050010 .functor BUFT 1, C4<1101111>, C4<0>, C4<0>, C4<0>;
v0x14b06ab80_0 .net/2u *"_ivl_2", 6 0, L_0x150050010;  1 drivers
v0x14b06ac20_0 .net *"_ivl_21", 6 0, L_0x14b06e8d0;  1 drivers
L_0x150050448 .functor BUFT 1, C4<1100011>, C4<0>, C4<0>, C4<0>;
v0x14b06acd0_0 .net/2u *"_ivl_22", 6 0, L_0x150050448;  1 drivers
v0x14b06ad80_0 .net *"_ivl_6", 0 0, L_0x14b06c8a0;  1 drivers
v0x14b06ae70_0 .net "alu_control", 3 0, v0x14b062280_0;  1 drivers
v0x14b06af50_0 .net "alu_op", 1 0, v0x14b063770_0;  1 drivers
v0x14b06b020_0 .net "alu_operand2", 31 0, L_0x14b06ef80;  1 drivers
v0x14b06b0f0_0 .net "alu_or_jal", 31 0, L_0x14b06f420;  1 drivers
v0x14b06b200_0 .net "alu_result", 31 0, v0x14b061700_0;  1 drivers
v0x14b06b310_0 .net "alu_src", 0 0, v0x14b063820_0;  1 drivers
v0x14b06b3a0_0 .net "branch", 0 0, v0x14b0638b0_0;  1 drivers
v0x14b06b430_0 .net "branch_target", 31 0, L_0x14b06ebc0;  1 drivers
v0x14b06b500_0 .net "clk", 0 0, v0x14b06c5c0_0;  1 drivers
v0x14b06b610_0 .net "effective_imm", 31 0, L_0x14b06eae0;  1 drivers
v0x14b06b6a0_0 .net "imm_gen_out", 31 0, v0x14b064260_0;  1 drivers
v0x14b06b730_0 .net "imm_gen_out_shifted", 31 0, L_0x14b06e7f0;  1 drivers
v0x14b06b8c0_0 .net "instruction", 31 0, L_0x14b06d4d0;  1 drivers
v0x14b06b950_0 .net "is_branch_type", 0 0, L_0x14b06e970;  1 drivers
v0x14b06b9e0_0 .net "is_jal", 0 0, L_0x14b06c780;  1 drivers
v0x14b06ba70_0 .net "jump_sel", 0 0, L_0x14b06c990;  1 drivers
v0x14b06bb00_0 .net "mem_read", 0 0, v0x14b063af0_0;  1 drivers
v0x14b06bb90_0 .net "mem_read_data", 31 0, v0x14b069c90_0;  1 drivers
v0x14b06bc20_0 .net "mem_to_reg", 0 0, v0x14b063c30_0;  1 drivers
v0x14b06bcf0_0 .net "mem_write", 0 0, v0x14b063b90_0;  1 drivers
v0x14b06bdc0_0 .net "pc_current", 31 0, v0x14b066910_0;  1 drivers
v0x14b06bed0_0 .net "pc_next", 31 0, L_0x14b06eee0;  1 drivers
v0x14b06bf60_0 .net "pc_plus4", 31 0, L_0x14b06ecc0;  1 drivers
v0x14b06bff0_0 .net "read_data1", 31 0, L_0x14b06dc10;  1 drivers
v0x14b06c0c0_0 .net "read_data2", 31 0, L_0x14b06e180;  1 drivers
v0x14b06c150_0 .net "reg_write", 0 0, v0x14b063de0_0;  1 drivers
v0x14b06c220_0 .net "start", 0 0, v0x14b06c650_0;  1 drivers
v0x14b06c330_0 .net "write_data", 31 0, L_0x14b06f540;  1 drivers
v0x14b06b7c0_0 .net "zero_flag", 0 0, L_0x14b06f160;  1 drivers
L_0x14b06c6e0 .part L_0x14b06d4d0, 0, 7;
L_0x14b06c780 .cmp/eq 7, L_0x14b06c6e0, L_0x150050010;
L_0x14b06d630 .part L_0x14b06d4d0, 0, 7;
L_0x14b06d6d0 .part L_0x14b06d4d0, 12, 3;
L_0x14b06e320 .part L_0x14b06d4d0, 15, 5;
L_0x14b06e3f0 .part L_0x14b06d4d0, 20, 5;
L_0x14b06e590 .part L_0x14b06d4d0, 7, 5;
L_0x14b06e8d0 .part L_0x14b06d4d0, 0, 7;
L_0x14b06e970 .cmp/eq 7, L_0x14b06e8d0, L_0x150050448;
L_0x14b06eae0 .functor MUXZ 32, v0x14b064260_0, L_0x14b06e7f0, L_0x14b06e970, C4<>;
L_0x14b06f020 .part L_0x14b06d4d0, 12, 3;
L_0x14b06f0c0 .part L_0x14b06d4d0, 30, 1;
L_0x14b06f310 .part L_0x14b06d4d0, 12, 3;
S_0x14b03dd10 .scope module, "m_ALU" "ALU" 3 165, 4 1 0, S_0x14b03dba0;
 .timescale 0 0;
    .port_info 0 /INPUT 4 "ALUCtl";
    .port_info 1 /INPUT 32 "A";
    .port_info 2 /INPUT 32 "B";
    .port_info 3 /OUTPUT 32 "ALUOut";
    .port_info 4 /OUTPUT 1 "zero";
P_0x14b04ac60 .param/l "ALU_ADD" 1 4 9, C4<0000>;
P_0x14b04aca0 .param/l "ALU_AND" 1 4 11, C4<0010>;
P_0x14b04ace0 .param/l "ALU_OR" 1 4 12, C4<0011>;
P_0x14b04ad20 .param/l "ALU_SLL" 1 4 14, C4<0101>;
P_0x14b04ad60 .param/l "ALU_SLT" 1 4 17, C4<1000>;
P_0x14b04ada0 .param/l "ALU_SLTU" 1 4 18, C4<1001>;
P_0x14b04ade0 .param/l "ALU_SRA" 1 4 16, C4<0111>;
P_0x14b04ae20 .param/l "ALU_SRL" 1 4 15, C4<0110>;
P_0x14b04ae60 .param/l "ALU_SUB" 1 4 10, C4<0001>;
P_0x14b04aea0 .param/l "ALU_XOR" 1 4 13, C4<0100>;
v0x14b061590_0 .net/s "A", 31 0, L_0x14b06dc10;  alias, 1 drivers
v0x14b061650_0 .net "ALUCtl", 3 0, v0x14b062280_0;  alias, 1 drivers
v0x14b061700_0 .var/s "ALUOut", 31 0;
v0x14b0617c0_0 .net/s "B", 31 0, L_0x14b06ef80;  alias, 1 drivers
L_0x1500504d8 .functor BUFT 1, C4<00000000000000000000000000000000>, C4<0>, C4<0>, C4<0>;
v0x14b061870_0 .net/2u *"_ivl_0", 31 0, L_0x1500504d8;  1 drivers
v0x14b061960_0 .net "zero", 0 0, L_0x14b06f160;  alias, 1 drivers
E_0x14b052610 .event anyedge, v0x14b061650_0, v0x14b061590_0, v0x14b0617c0_0;
L_0x14b06f160 .cmp/eq 32, v0x14b061700_0, L_0x1500504d8;
S_0x14b01db70 .scope function.vec4.s32, "countTrailingZeros" "countTrailingZeros" 4 40, 4 40 0, S_0x14b03dd10;
 .timescale 0 0;
; Variable countTrailingZeros is vec4 return value of scope S_0x14b01db70
v0x14b061420_0 .var/i "i", 31 0;
v0x14b0614d0_0 .var "val", 31 0;
TD_tb_riscv_sc.riscv_DUT.m_ALU.countTrailingZeros ;
    %pushi/vec4 32, 0, 32;
    %ret/vec4 0, 0, 32;  Assign to countTrailingZeros (store_vec4_to_lval)
    %pushi/vec4 0, 0, 32;
    %store/vec4 v0x14b061420_0, 0, 32;
T_0.0 ;
    %load/vec4 v0x14b061420_0;
    %cmpi/s 32, 0, 32;
    %jmp/0xz T_0.1, 5;
    %load/vec4 v0x14b0614d0_0;
    %load/vec4 v0x14b061420_0;
    %part/s 1;
    %cmpi/e 1, 0, 1;
    %flag_get/vec4 4;
    %jmp/0 T_0.4, 4;
    %retload/vec4 0; Load countTrailingZeros (draw_signal_vec4)
    %pushi/vec4 32, 0, 32;
    %cmp/e;
    %flag_get/vec4 4;
    %and;
T_0.4;
    %flag_set/vec4 8;
    %jmp/0xz  T_0.2, 8;
    %load/vec4 v0x14b061420_0;
    %ret/vec4 0, 0, 32;  Assign to countTrailingZeros (store_vec4_to_lval)
T_0.2 ;
    %load/vec4 v0x14b061420_0;
    %addi 1, 0, 32;
    %store/vec4 v0x14b061420_0, 0, 32;
    %jmp T_0.0;
T_0.1 ;
    %end;
S_0x14b061a80 .scope module, "m_ALUCtrl" "ALUCtrl" 3 155, 5 1 0, S_0x14b03dba0;
 .timescale 0 0;
    .port_info 0 /INPUT 2 "ALUOp";
    .port_info 1 /INPUT 3 "funct3";
    .port_info 2 /INPUT 1 "funct7";
    .port_info 3 /OUTPUT 4 "ALUCtl";
P_0x14b061c40 .param/l "ALU_ADD" 1 5 9, C4<0000>;
P_0x14b061c80 .param/l "ALU_AND" 1 5 11, C4<0010>;
P_0x14b061cc0 .param/l "ALU_OR" 1 5 12, C4<0011>;
P_0x14b061d00 .param/l "ALU_SLL" 1 5 14, C4<0101>;
P_0x14b061d40 .param/l "ALU_SLT" 1 5 17, C4<1000>;
P_0x14b061d80 .param/l "ALU_SLTU" 1 5 18, C4<1001>;
P_0x14b061dc0 .param/l "ALU_SRA" 1 5 16, C4<0111>;
P_0x14b061e00 .param/l "ALU_SRL" 1 5 15, C4<0110>;
P_0x14b061e40 .param/l "ALU_SUB" 1 5 10, C4<0001>;
P_0x14b061e80 .param/l "ALU_XOR" 1 5 13, C4<0100>;
v0x14b062280_0 .var "ALUCtl", 3 0;
v0x14b062350_0 .net "ALUOp", 1 0, v0x14b063770_0;  alias, 1 drivers
v0x14b0623f0_0 .net "funct3", 2 0, L_0x14b06f020;  1 drivers
v0x14b0624b0_0 .net "funct7", 0 0, L_0x14b06f0c0;  1 drivers
E_0x14b062220 .event anyedge, v0x14b062350_0, v0x14b0623f0_0, v0x14b0624b0_0;
S_0x14b0625b0 .scope module, "m_Adder_Branch" "Adder" 3 117, 6 1 0, S_0x14b03dba0;
 .timescale 0 0;
    .port_info 0 /INPUT 32 "a";
    .port_info 1 /INPUT 32 "b";
    .port_info 2 /OUTPUT 32 "sum";
v0x14b0627e0_0 .net/s "a", 31 0, v0x14b066910_0;  alias, 1 drivers
v0x14b062890_0 .net/s "b", 31 0, L_0x14b06eae0;  alias, 1 drivers
v0x14b062940_0 .net/s "sum", 31 0, L_0x14b06ebc0;  alias, 1 drivers
L_0x14b06ebc0 .arith/sum 32, v0x14b066910_0, L_0x14b06eae0;
S_0x14b062a50 .scope module, "m_Adder_NextPC" "Adder" 3 126, 6 1 0, S_0x14b03dba0;
 .timescale 0 0;
    .port_info 0 /INPUT 32 "a";
    .port_info 1 /INPUT 32 "b";
    .port_info 2 /OUTPUT 32 "sum";
v0x14b062c60_0 .net/s "a", 31 0, v0x14b066910_0;  alias, 1 drivers
L_0x150050490 .functor BUFT 1, C4<00000000000000000000000000000100>, C4<0>, C4<0>, C4<0>;
v0x14b062d30_0 .net/s "b", 31 0, L_0x150050490;  1 drivers
v0x14b062dd0_0 .net/s "sum", 31 0, L_0x14b06ecc0;  alias, 1 drivers
L_0x14b06ecc0 .arith/sum 32, v0x14b066910_0, L_0x150050490;
S_0x14b062ee0 .scope module, "m_Control" "Control" 3 68, 7 1 0, S_0x14b03dba0;
 .timescale 0 0;
    .port_info 0 /INPUT 7 "opcode";
    .port_info 1 /INPUT 3 "funct3";
    .port_info 2 /OUTPUT 1 "branch";
    .port_info 3 /OUTPUT 1 "memRead";
    .port_info 4 /OUTPUT 1 "memtoReg";
    .port_info 5 /OUTPUT 2 "ALUOp";
    .port_info 6 /OUTPUT 1 "memWrite";
    .port_info 7 /OUTPUT 1 "ALUSrc";
    .port_info 8 /OUTPUT 1 "regWrite";
    .port_info 9 /OUTPUT 1 "jump";
P_0x14b0630e0 .param/l "OP_AUIPC" 1 7 23, C4<0010111>;
P_0x14b063120 .param/l "OP_BRANCH" 1 7 19, C4<1100011>;
P_0x14b063160 .param/l "OP_ITYPE" 1 7 16, C4<0010011>;
P_0x14b0631a0 .param/l "OP_JAL" 1 7 20, C4<1101111>;
P_0x14b0631e0 .param/l "OP_JALR" 1 7 21, C4<1100111>;
P_0x14b063220 .param/l "OP_LOAD" 1 7 17, C4<0000011>;
P_0x14b063260 .param/l "OP_LUI" 1 7 22, C4<0110111>;
P_0x14b0632a0 .param/l "OP_RTYPE" 1 7 15, C4<0110011>;
P_0x14b0632e0 .param/l "OP_STORE" 1 7 18, C4<0100011>;
v0x14b063770_0 .var "ALUOp", 1 0;
v0x14b063820_0 .var "ALUSrc", 0 0;
v0x14b0638b0_0 .var "branch", 0 0;
v0x14b063960_0 .net "funct3", 2 0, L_0x14b06d6d0;  1 drivers
v0x14b063a10_0 .var "jump", 0 0;
v0x14b063af0_0 .var "memRead", 0 0;
v0x14b063b90_0 .var "memWrite", 0 0;
v0x14b063c30_0 .var "memtoReg", 0 0;
v0x14b063cd0_0 .net "opcode", 6 0, L_0x14b06d630;  1 drivers
v0x14b063de0_0 .var "regWrite", 0 0;
E_0x14b063710 .event anyedge, v0x14b063cd0_0, v0x14b063960_0;
S_0x14b063f70 .scope module, "m_ImmGen" "ImmGen" 3 98, 8 1 0, S_0x14b03dba0;
 .timescale 0 0;
    .port_info 0 /INPUT 32 "instruction";
    .port_info 1 /OUTPUT 32 "imm";
P_0x14b063aa0 .param/l "Width" 0 8 1, +C4<00000000000000000000000000100000>;
v0x14b064260_0 .var "imm", 31 0;
v0x14b064320_0 .net "instruction", 31 0, L_0x14b06d4d0;  alias, 1 drivers
v0x14b0643c0_0 .net "opcode", 6 0, L_0x14b06e630;  1 drivers
E_0x14b064200 .event anyedge, v0x14b0643c0_0, v0x14b064320_0;
L_0x14b06e630 .part L_0x14b06d4d0, 0, 7;
S_0x14b064450 .scope module, "m_InstMem" "InstructionMemory" 3 60, 9 1 0, S_0x14b03dba0;
 .timescale 0 0;
    .port_info 0 /INPUT 32 "readAddr";
    .port_info 1 /OUTPUT 32 "inst";
L_0x150050058 .functor BUFT 1, C4<00000000000000000000000010000000>, C4<0>, C4<0>, C4<0>;
v0x14b064640_0 .net/2u *"_ivl_0", 31 0, L_0x150050058;  1 drivers
L_0x1500500e8 .functor BUFT 1, C4<00000000000000000000000000000001>, C4<0>, C4<0>, C4<0>;
v0x14b0646f0_0 .net/2u *"_ivl_10", 31 0, L_0x1500500e8;  1 drivers
v0x14b0647a0_0 .net *"_ivl_12", 31 0, L_0x14b06cd00;  1 drivers
v0x14b064860_0 .net *"_ivl_14", 7 0, L_0x14b06ce40;  1 drivers
L_0x150050130 .functor BUFT 1, C4<00000000000000000000000000000010>, C4<0>, C4<0>, C4<0>;
v0x14b064910_0 .net/2u *"_ivl_16", 31 0, L_0x150050130;  1 drivers
v0x14b064a00_0 .net *"_ivl_18", 31 0, L_0x14b06cf50;  1 drivers
v0x14b064ab0_0 .net *"_ivl_2", 0 0, L_0x14b06ca80;  1 drivers
v0x14b064b50_0 .net *"_ivl_20", 7 0, L_0x14b06d190;  1 drivers
L_0x150050178 .functor BUFT 1, C4<00000000000000000000000000000011>, C4<0>, C4<0>, C4<0>;
v0x14b064c00_0 .net/2u *"_ivl_22", 31 0, L_0x150050178;  1 drivers
v0x14b064d10_0 .net *"_ivl_24", 31 0, L_0x14b06d230;  1 drivers
v0x14b064dc0_0 .net *"_ivl_26", 31 0, L_0x14b06d330;  1 drivers
L_0x1500500a0 .functor BUFT 1, C4<00000000000000000000000000000000>, C4<0>, C4<0>, C4<0>;
v0x14b064e70_0 .net/2u *"_ivl_4", 31 0, L_0x1500500a0;  1 drivers
v0x14b064f20_0 .net *"_ivl_6", 7 0, L_0x14b06cb60;  1 drivers
v0x14b064fd0_0 .net *"_ivl_8", 7 0, L_0x14b06cc00;  1 drivers
v0x14b065080_0 .net "inst", 31 0, L_0x14b06d4d0;  alias, 1 drivers
v0x14b065140 .array "insts", 0 127, 7 0;
v0x14b0651d0_0 .net "readAddr", 31 0, v0x14b066910_0;  alias, 1 drivers
L_0x14b06ca80 .cmp/ge 32, v0x14b066910_0, L_0x150050058;
L_0x14b06cb60 .array/port v0x14b065140, v0x14b066910_0;
L_0x14b06cc00 .array/port v0x14b065140, L_0x14b06cd00;
L_0x14b06cd00 .arith/sum 32, v0x14b066910_0, L_0x1500500e8;
L_0x14b06ce40 .array/port v0x14b065140, L_0x14b06cf50;
L_0x14b06cf50 .arith/sum 32, v0x14b066910_0, L_0x150050130;
L_0x14b06d190 .array/port v0x14b065140, L_0x14b06d230;
L_0x14b06d230 .arith/sum 32, v0x14b066910_0, L_0x150050178;
L_0x14b06d330 .concat [ 8 8 8 8], L_0x14b06d190, L_0x14b06ce40, L_0x14b06cc00, L_0x14b06cb60;
L_0x14b06d4d0 .functor MUXZ 32, L_0x14b06d330, L_0x1500500a0, L_0x14b06ca80, C4<>;
S_0x14b0653a0 .scope module, "m_Mux_ALU" "Mux2to1" 3 145, 10 1 0, S_0x14b03dba0;
 .timescale 0 0;
    .port_info 0 /INPUT 1 "sel";
    .port_info 1 /INPUT 32 "s0";
    .port_info 2 /INPUT 32 "s1";
    .port_info 3 /OUTPUT 32 "out";
P_0x14b065510 .param/l "size" 0 10 2, +C4<00000000000000000000000000100000>;
v0x14b065670_0 .net/s "out", 31 0, L_0x14b06ef80;  alias, 1 drivers
v0x14b065720_0 .net/s "s0", 31 0, L_0x14b06e180;  alias, 1 drivers
v0x14b0657b0_0 .net/s "s1", 31 0, v0x14b064260_0;  alias, 1 drivers
v0x14b065840_0 .net "sel", 0 0, v0x14b063820_0;  alias, 1 drivers
L_0x14b06ef80 .functor MUXZ 32, L_0x14b06e180, v0x14b064260_0, v0x14b063820_0, C4<>;
S_0x14b065900 .scope module, "m_Mux_PC" "Mux2to1" 3 135, 10 1 0, S_0x14b03dba0;
 .timescale 0 0;
    .port_info 0 /INPUT 1 "sel";
    .port_info 1 /INPUT 32 "s0";
    .port_info 2 /INPUT 32 "s1";
    .port_info 3 /OUTPUT 32 "out";
P_0x14b0630a0 .param/l "size" 0 10 2, +C4<00000000000000000000000000100000>;
v0x14b065c80_0 .net/s "out", 31 0, L_0x14b06eee0;  alias, 1 drivers
v0x14b065d40_0 .net/s "s0", 31 0, L_0x14b06ecc0;  alias, 1 drivers
v0x14b065de0_0 .net/s "s1", 31 0, L_0x14b06ebc0;  alias, 1 drivers
v0x14b065e70_0 .net "sel", 0 0, L_0x14b06c990;  alias, 1 drivers
L_0x14b06eee0 .functor MUXZ 32, L_0x14b06ecc0, L_0x14b06ebc0, L_0x14b06c990, C4<>;
S_0x14b065f30 .scope module, "m_Mux_WriteData" "Mux2to1" 3 204, 10 1 0, S_0x14b03dba0;
 .timescale 0 0;
    .port_info 0 /INPUT 1 "sel";
    .port_info 1 /INPUT 32 "s0";
    .port_info 2 /INPUT 32 "s1";
    .port_info 3 /OUTPUT 32 "out";
P_0x14b0660f0 .param/l "size" 0 10 2, +C4<00000000000000000000000000100000>;
v0x14b066270_0 .net/s "out", 31 0, L_0x14b06f540;  alias, 1 drivers
v0x14b066330_0 .net/s "s0", 31 0, L_0x14b06f420;  alias, 1 drivers
v0x14b0663d0_0 .net/s "s1", 31 0, v0x14b069c90_0;  alias, 1 drivers
v0x14b066460_0 .net "sel", 0 0, v0x14b063c30_0;  alias, 1 drivers
L_0x14b06f540 .functor MUXZ 32, L_0x14b06f420, v0x14b069c90_0, v0x14b063c30_0, C4<>;
S_0x14b066520 .scope module, "m_PC" "PC" 3 50, 11 1 0, S_0x14b03dba0;
 .timescale 0 0;
    .port_info 0 /INPUT 1 "clk";
    .port_info 1 /INPUT 1 "rst";
    .port_info 2 /INPUT 32 "pc_i";
    .port_info 3 /OUTPUT 32 "pc_o";
v0x14b0667a0_0 .net "clk", 0 0, v0x14b06c5c0_0;  alias, 1 drivers
v0x14b066850_0 .net "pc_i", 31 0, L_0x14b06eee0;  alias, 1 drivers
v0x14b066910_0 .var "pc_o", 31 0;
v0x14b0669c0_0 .net "rst", 0 0, v0x14b06c650_0;  alias, 1 drivers
E_0x14b066740 .event posedge, v0x14b0667a0_0;
S_0x14b066ab0 .scope module, "m_Register" "Register" 3 83, 12 1 0, S_0x14b03dba0;
 .timescale 0 0;
    .port_info 0 /INPUT 1 "clk";
    .port_info 1 /INPUT 1 "rst";
    .port_info 2 /INPUT 1 "regWrite";
    .port_info 3 /INPUT 5 "readReg1";
    .port_info 4 /INPUT 5 "readReg2";
    .port_info 5 /INPUT 5 "writeReg";
    .port_info 6 /INPUT 32 "writeData";
    .port_info 7 /OUTPUT 32 "readData1";
    .port_info 8 /OUTPUT 32 "readData2";
v0x14b066da0_0 .net *"_ivl_0", 31 0, L_0x14b06d770;  1 drivers
v0x14b066e60_0 .net *"_ivl_10", 6 0, L_0x14b06da10;  1 drivers
L_0x150050250 .functor BUFT 1, C4<00>, C4<0>, C4<0>, C4<0>;
v0x14b066f00_0 .net *"_ivl_13", 1 0, L_0x150050250;  1 drivers
L_0x150050298 .functor BUFT 1, C4<00000000000000000000000000000000>, C4<0>, C4<0>, C4<0>;
v0x14b066fb0_0 .net/2u *"_ivl_14", 31 0, L_0x150050298;  1 drivers
v0x14b067060_0 .net *"_ivl_18", 31 0, L_0x14b06dd70;  1 drivers
L_0x1500502e0 .functor BUFT 1, C4<000000000000000000000000000>, C4<0>, C4<0>, C4<0>;
v0x14b067150_0 .net *"_ivl_21", 26 0, L_0x1500502e0;  1 drivers
L_0x150050328 .functor BUFT 1, C4<00000000000000000000000000000000>, C4<0>, C4<0>, C4<0>;
v0x14b067200_0 .net/2u *"_ivl_22", 31 0, L_0x150050328;  1 drivers
v0x14b0672b0_0 .net *"_ivl_24", 0 0, L_0x14b06de50;  1 drivers
v0x14b067350_0 .net *"_ivl_26", 31 0, L_0x14b06df70;  1 drivers
v0x14b067460_0 .net *"_ivl_28", 6 0, L_0x14b06e010;  1 drivers
L_0x1500501c0 .functor BUFT 1, C4<000000000000000000000000000>, C4<0>, C4<0>, C4<0>;
v0x14b067510_0 .net *"_ivl_3", 26 0, L_0x1500501c0;  1 drivers
L_0x150050370 .functor BUFT 1, C4<00>, C4<0>, C4<0>, C4<0>;
v0x14b0675c0_0 .net *"_ivl_31", 1 0, L_0x150050370;  1 drivers
L_0x1500503b8 .functor BUFT 1, C4<00000000000000000000000000000000>, C4<0>, C4<0>, C4<0>;
v0x14b067670_0 .net/2u *"_ivl_32", 31 0, L_0x1500503b8;  1 drivers
L_0x150050208 .functor BUFT 1, C4<00000000000000000000000000000000>, C4<0>, C4<0>, C4<0>;
v0x14b067720_0 .net/2u *"_ivl_4", 31 0, L_0x150050208;  1 drivers
v0x14b0677d0_0 .net *"_ivl_6", 0 0, L_0x14b06d850;  1 drivers
v0x14b067870_0 .net *"_ivl_8", 31 0, L_0x14b06d970;  1 drivers
v0x14b067920_0 .net "clk", 0 0, v0x14b06c5c0_0;  alias, 1 drivers
v0x14b067ab0_0 .net "readData1", 31 0, L_0x14b06dc10;  alias, 1 drivers
v0x14b067b40_0 .net "readData2", 31 0, L_0x14b06e180;  alias, 1 drivers
v0x14b067bd0_0 .net "readReg1", 4 0, L_0x14b06e320;  1 drivers
v0x14b067c60_0 .net "readReg2", 4 0, L_0x14b06e3f0;  1 drivers
v0x14b067cf0_0 .net "regWrite", 0 0, v0x14b063de0_0;  alias, 1 drivers
v0x14b067d80 .array "regs", 31 0, 31 0;
v0x14b067e10_0 .net "rst", 0 0, v0x14b06c650_0;  alias, 1 drivers
v0x14b067ec0_0 .net "writeData", 31 0, L_0x14b06f540;  alias, 1 drivers
v0x14b067f70_0 .net "writeReg", 4 0, L_0x14b06e590;  1 drivers
L_0x14b06d770 .concat [ 5 27 0 0], L_0x14b06e320, L_0x1500501c0;
L_0x14b06d850 .cmp/ne 32, L_0x14b06d770, L_0x150050208;
L_0x14b06d970 .array/port v0x14b067d80, L_0x14b06da10;
L_0x14b06da10 .concat [ 5 2 0 0], L_0x14b06e320, L_0x150050250;
L_0x14b06dc10 .functor MUXZ 32, L_0x150050298, L_0x14b06d970, L_0x14b06d850, C4<>;
L_0x14b06dd70 .concat [ 5 27 0 0], L_0x14b06e3f0, L_0x1500502e0;
L_0x14b06de50 .cmp/ne 32, L_0x14b06dd70, L_0x150050328;
L_0x14b06df70 .array/port v0x14b067d80, L_0x14b06e010;
L_0x14b06e010 .concat [ 5 2 0 0], L_0x14b06e3f0, L_0x150050370;
L_0x14b06e180 .functor MUXZ 32, L_0x1500503b8, L_0x14b06df70, L_0x14b06de50, C4<>;
S_0x14b0680e0 .scope module, "m_ShiftLeftOne" "ShiftLeftOne" 3 106, 13 1 0, S_0x14b03dba0;
 .timescale 0 0;
    .port_info 0 /INPUT 32 "i";
    .port_info 1 /OUTPUT 32 "o";
v0x14b068290_0 .net *"_ivl_2", 30 0, L_0x14b06e6d0;  1 drivers
L_0x150050400 .functor BUFT 1, C4<0>, C4<0>, C4<0>, C4<0>;
v0x14b068350_0 .net *"_ivl_4", 0 0, L_0x150050400;  1 drivers
v0x14b068400_0 .net/s "i", 31 0, v0x14b064260_0;  alias, 1 drivers
v0x14b0684f0_0 .net/s "o", 31 0, L_0x14b06e7f0;  alias, 1 drivers
L_0x14b06e6d0 .part v0x14b064260_0, 0, 31;
L_0x14b06e7f0 .concat [ 1 31 0 0], L_0x150050400, L_0x14b06e6d0;
S_0x14b0685d0 .scope module, "m_WrapperMem" "WrapperMemory" 3 177, 14 1 0, S_0x14b03dba0;
 .timescale 0 0;
    .port_info 0 /INPUT 1 "clk";
    .port_info 1 /INPUT 1 "rst";
    .port_info 2 /INPUT 1 "memWrite";
    .port_info 3 /INPUT 1 "memRead";
    .port_info 4 /INPUT 32 "address";
    .port_info 5 /INPUT 32 "writeData";
    .port_info 6 /INPUT 3 "funct3";
    .port_info 7 /OUTPUT 32 "readData";
v0x14b069ab0_0 .net "address", 31 0, v0x14b061700_0;  alias, 1 drivers
v0x14b069b40_0 .net "byteOffset", 1 0, L_0x14b06f200;  1 drivers
v0x14b069be0_0 .net "clk", 0 0, v0x14b06c5c0_0;  alias, 1 drivers
v0x14b069c90_0 .var "finalReadData", 31 0;
v0x14b069d20_0 .net "funct3", 2 0, L_0x14b06f310;  1 drivers
v0x14b069e10_0 .net "memRead", 0 0, v0x14b063af0_0;  alias, 1 drivers
v0x14b069ee0_0 .net "memWrite", 0 0, v0x14b063b90_0;  alias, 1 drivers
v0x14b069f70_0 .net "mem_read_data", 31 0, v0x14b0697f0_0;  1 drivers
v0x14b06a000_0 .var "mem_write_data", 31 0;
v0x14b06a130_0 .var "mem_write_en", 0 0;
v0x14b06a1c0_0 .var "modifiedWord", 31 0;
v0x14b06a250_0 .net "readData", 31 0, v0x14b069c90_0;  alias, 1 drivers
v0x14b06a300_0 .net "rst", 0 0, v0x14b06c650_0;  alias, 1 drivers
v0x14b06a390_0 .net "writeData", 31 0, L_0x14b06e180;  alias, 1 drivers
E_0x14b068890 .event anyedge, v0x14b063af0_0, v0x14b069d20_0, v0x14b069b40_0, v0x14b0697f0_0;
E_0x14b0688d0/0 .event anyedge, v0x14b065720_0, v0x14b063b90_0, v0x14b069d20_0, v0x14b0697f0_0;
E_0x14b0688d0/1 .event anyedge, v0x14b069b40_0, v0x14b06a1c0_0;
E_0x14b0688d0 .event/or E_0x14b0688d0/0, E_0x14b0688d0/1;
L_0x14b06f200 .part v0x14b061700_0, 0, 2;
S_0x14b068940 .scope module, "dataMem_inst" "DataMemory" 14 28, 15 1 0, S_0x14b0685d0;
 .timescale 0 0;
    .port_info 0 /INPUT 1 "rst";
    .port_info 1 /INPUT 1 "clk";
    .port_info 2 /INPUT 1 "memWrite";
    .port_info 3 /INPUT 1 "memRead";
    .port_info 4 /INPUT 32 "address";
    .port_info 5 /INPUT 32 "writeData";
    .port_info 6 /OUTPUT 32 "readData";
v0x14b068c50_0 .net "address", 31 0, v0x14b061700_0;  alias, 1 drivers
v0x14b068d20_0 .net "clk", 0 0, v0x14b06c5c0_0;  alias, 1 drivers
v0x14b068df0 .array "data_memory", 0 127, 7 0;
v0x14b069670_0 .net "memRead", 0 0, v0x14b063af0_0;  alias, 1 drivers
v0x14b069720_0 .net "memWrite", 0 0, v0x14b06a130_0;  1 drivers
v0x14b0697f0_0 .var "readData", 31 0;
v0x14b0698a0_0 .net "rst", 0 0, v0x14b06c650_0;  alias, 1 drivers
v0x14b069970_0 .net "writeData", 31 0, v0x14b06a000_0;  1 drivers
v0x14b068df0_0 .array/port v0x14b068df0, 0;
v0x14b068df0_1 .array/port v0x14b068df0, 1;
E_0x14b068c00/0 .event anyedge, v0x14b063af0_0, v0x14b061700_0, v0x14b068df0_0, v0x14b068df0_1;
v0x14b068df0_2 .array/port v0x14b068df0, 2;
v0x14b068df0_3 .array/port v0x14b068df0, 3;
v0x14b068df0_4 .array/port v0x14b068df0, 4;
v0x14b068df0_5 .array/port v0x14b068df0, 5;
E_0x14b068c00/1 .event anyedge, v0x14b068df0_2, v0x14b068df0_3, v0x14b068df0_4, v0x14b068df0_5;
v0x14b068df0_6 .array/port v0x14b068df0, 6;
v0x14b068df0_7 .array/port v0x14b068df0, 7;
v0x14b068df0_8 .array/port v0x14b068df0, 8;
v0x14b068df0_9 .array/port v0x14b068df0, 9;
E_0x14b068c00/2 .event anyedge, v0x14b068df0_6, v0x14b068df0_7, v0x14b068df0_8, v0x14b068df0_9;
v0x14b068df0_10 .array/port v0x14b068df0, 10;
v0x14b068df0_11 .array/port v0x14b068df0, 11;
v0x14b068df0_12 .array/port v0x14b068df0, 12;
v0x14b068df0_13 .array/port v0x14b068df0, 13;
E_0x14b068c00/3 .event anyedge, v0x14b068df0_10, v0x14b068df0_11, v0x14b068df0_12, v0x14b068df0_13;
v0x14b068df0_14 .array/port v0x14b068df0, 14;
v0x14b068df0_15 .array/port v0x14b068df0, 15;
v0x14b068df0_16 .array/port v0x14b068df0, 16;
v0x14b068df0_17 .array/port v0x14b068df0, 17;
E_0x14b068c00/4 .event anyedge, v0x14b068df0_14, v0x14b068df0_15, v0x14b068df0_16, v0x14b068df0_17;
v0x14b068df0_18 .array/port v0x14b068df0, 18;
v0x14b068df0_19 .array/port v0x14b068df0, 19;
v0x14b068df0_20 .array/port v0x14b068df0, 20;
v0x14b068df0_21 .array/port v0x14b068df0, 21;
E_0x14b068c00/5 .event anyedge, v0x14b068df0_18, v0x14b068df0_19, v0x14b068df0_20, v0x14b068df0_21;
v0x14b068df0_22 .array/port v0x14b068df0, 22;
v0x14b068df0_23 .array/port v0x14b068df0, 23;
v0x14b068df0_24 .array/port v0x14b068df0, 24;
v0x14b068df0_25 .array/port v0x14b068df0, 25;
E_0x14b068c00/6 .event anyedge, v0x14b068df0_22, v0x14b068df0_23, v0x14b068df0_24, v0x14b068df0_25;
v0x14b068df0_26 .array/port v0x14b068df0, 26;
v0x14b068df0_27 .array/port v0x14b068df0, 27;
v0x14b068df0_28 .array/port v0x14b068df0, 28;
v0x14b068df0_29 .array/port v0x14b068df0, 29;
E_0x14b068c00/7 .event anyedge, v0x14b068df0_26, v0x14b068df0_27, v0x14b068df0_28, v0x14b068df0_29;
v0x14b068df0_30 .array/port v0x14b068df0, 30;
v0x14b068df0_31 .array/port v0x14b068df0, 31;
v0x14b068df0_32 .array/port v0x14b068df0, 32;
v0x14b068df0_33 .array/port v0x14b068df0, 33;
E_0x14b068c00/8 .event anyedge, v0x14b068df0_30, v0x14b068df0_31, v0x14b068df0_32, v0x14b068df0_33;
v0x14b068df0_34 .array/port v0x14b068df0, 34;
v0x14b068df0_35 .array/port v0x14b068df0, 35;
v0x14b068df0_36 .array/port v0x14b068df0, 36;
v0x14b068df0_37 .array/port v0x14b068df0, 37;
E_0x14b068c00/9 .event anyedge, v0x14b068df0_34, v0x14b068df0_35, v0x14b068df0_36, v0x14b068df0_37;
v0x14b068df0_38 .array/port v0x14b068df0, 38;
v0x14b068df0_39 .array/port v0x14b068df0, 39;
v0x14b068df0_40 .array/port v0x14b068df0, 40;
v0x14b068df0_41 .array/port v0x14b068df0, 41;
E_0x14b068c00/10 .event anyedge, v0x14b068df0_38, v0x14b068df0_39, v0x14b068df0_40, v0x14b068df0_41;
v0x14b068df0_42 .array/port v0x14b068df0, 42;
v0x14b068df0_43 .array/port v0x14b068df0, 43;
v0x14b068df0_44 .array/port v0x14b068df0, 44;
v0x14b068df0_45 .array/port v0x14b068df0, 45;
E_0x14b068c00/11 .event anyedge, v0x14b068df0_42, v0x14b068df0_43, v0x14b068df0_44, v0x14b068df0_45;
v0x14b068df0_46 .array/port v0x14b068df0, 46;
v0x14b068df0_47 .array/port v0x14b068df0, 47;
v0x14b068df0_48 .array/port v0x14b068df0, 48;
v0x14b068df0_49 .array/port v0x14b068df0, 49;
E_0x14b068c00/12 .event anyedge, v0x14b068df0_46, v0x14b068df0_47, v0x14b068df0_48, v0x14b068df0_49;
v0x14b068df0_50 .array/port v0x14b068df0, 50;
v0x14b068df0_51 .array/port v0x14b068df0, 51;
v0x14b068df0_52 .array/port v0x14b068df0, 52;
v0x14b068df0_53 .array/port v0x14b068df0, 53;
E_0x14b068c00/13 .event anyedge, v0x14b068df0_50, v0x14b068df0_51, v0x14b068df0_52, v0x14b068df0_53;
v0x14b068df0_54 .array/port v0x14b068df0, 54;
v0x14b068df0_55 .array/port v0x14b068df0, 55;
v0x14b068df0_56 .array/port v0x14b068df0, 56;
v0x14b068df0_57 .array/port v0x14b068df0, 57;
E_0x14b068c00/14 .event anyedge, v0x14b068df0_54, v0x14b068df0_55, v0x14b068df0_56, v0x14b068df0_57;
v0x14b068df0_58 .array/port v0x14b068df0, 58;
v0x14b068df0_59 .array/port v0x14b068df0, 59;
v0x14b068df0_60 .array/port v0x14b068df0, 60;
v0x14b068df0_61 .array/port v0x14b068df0, 61;
E_0x14b068c00/15 .event anyedge, v0x14b068df0_58, v0x14b068df0_59, v0x14b068df0_60, v0x14b068df0_61;
v0x14b068df0_62 .array/port v0x14b068df0, 62;
v0x14b068df0_63 .array/port v0x14b068df0, 63;
v0x14b068df0_64 .array/port v0x14b068df0, 64;
v0x14b068df0_65 .array/port v0x14b068df0, 65;
E_0x14b068c00/16 .event anyedge, v0x14b068df0_62, v0x14b068df0_63, v0x14b068df0_64, v0x14b068df0_65;
v0x14b068df0_66 .array/port v0x14b068df0, 66;
v0x14b068df0_67 .array/port v0x14b068df0, 67;
v0x14b068df0_68 .array/port v0x14b068df0, 68;
v0x14b068df0_69 .array/port v0x14b068df0, 69;
E_0x14b068c00/17 .event anyedge, v0x14b068df0_66, v0x14b068df0_67, v0x14b068df0_68, v0x14b068df0_69;
v0x14b068df0_70 .array/port v0x14b068df0, 70;
v0x14b068df0_71 .array/port v0x14b068df0, 71;
v0x14b068df0_72 .array/port v0x14b068df0, 72;
v0x14b068df0_73 .array/port v0x14b068df0, 73;
E_0x14b068c00/18 .event anyedge, v0x14b068df0_70, v0x14b068df0_71, v0x14b068df0_72, v0x14b068df0_73;
v0x14b068df0_74 .array/port v0x14b068df0, 74;
v0x14b068df0_75 .array/port v0x14b068df0, 75;
v0x14b068df0_76 .array/port v0x14b068df0, 76;
v0x14b068df0_77 .array/port v0x14b068df0, 77;
E_0x14b068c00/19 .event anyedge, v0x14b068df0_74, v0x14b068df0_75, v0x14b068df0_76, v0x14b068df0_77;
v0x14b068df0_78 .array/port v0x14b068df0, 78;
v0x14b068df0_79 .array/port v0x14b068df0, 79;
v0x14b068df0_80 .array/port v0x14b068df0, 80;
v0x14b068df0_81 .array/port v0x14b068df0, 81;
E_0x14b068c00/20 .event anyedge, v0x14b068df0_78, v0x14b068df0_79, v0x14b068df0_80, v0x14b068df0_81;
v0x14b068df0_82 .array/port v0x14b068df0, 82;
v0x14b068df0_83 .array/port v0x14b068df0, 83;
v0x14b068df0_84 .array/port v0x14b068df0, 84;
v0x14b068df0_85 .array/port v0x14b068df0, 85;
E_0x14b068c00/21 .event anyedge, v0x14b068df0_82, v0x14b068df0_83, v0x14b068df0_84, v0x14b068df0_85;
v0x14b068df0_86 .array/port v0x14b068df0, 86;
v0x14b068df0_87 .array/port v0x14b068df0, 87;
v0x14b068df0_88 .array/port v0x14b068df0, 88;
v0x14b068df0_89 .array/port v0x14b068df0, 89;
E_0x14b068c00/22 .event anyedge, v0x14b068df0_86, v0x14b068df0_87, v0x14b068df0_88, v0x14b068df0_89;
v0x14b068df0_90 .array/port v0x14b068df0, 90;
v0x14b068df0_91 .array/port v0x14b068df0, 91;
v0x14b068df0_92 .array/port v0x14b068df0, 92;
v0x14b068df0_93 .array/port v0x14b068df0, 93;
E_0x14b068c00/23 .event anyedge, v0x14b068df0_90, v0x14b068df0_91, v0x14b068df0_92, v0x14b068df0_93;
v0x14b068df0_94 .array/port v0x14b068df0, 94;
v0x14b068df0_95 .array/port v0x14b068df0, 95;
v0x14b068df0_96 .array/port v0x14b068df0, 96;
v0x14b068df0_97 .array/port v0x14b068df0, 97;
E_0x14b068c00/24 .event anyedge, v0x14b068df0_94, v0x14b068df0_95, v0x14b068df0_96, v0x14b068df0_97;
v0x14b068df0_98 .array/port v0x14b068df0, 98;
v0x14b068df0_99 .array/port v0x14b068df0, 99;
v0x14b068df0_100 .array/port v0x14b068df0, 100;
v0x14b068df0_101 .array/port v0x14b068df0, 101;
E_0x14b068c00/25 .event anyedge, v0x14b068df0_98, v0x14b068df0_99, v0x14b068df0_100, v0x14b068df0_101;
v0x14b068df0_102 .array/port v0x14b068df0, 102;
v0x14b068df0_103 .array/port v0x14b068df0, 103;
v0x14b068df0_104 .array/port v0x14b068df0, 104;
v0x14b068df0_105 .array/port v0x14b068df0, 105;
E_0x14b068c00/26 .event anyedge, v0x14b068df0_102, v0x14b068df0_103, v0x14b068df0_104, v0x14b068df0_105;
v0x14b068df0_106 .array/port v0x14b068df0, 106;
v0x14b068df0_107 .array/port v0x14b068df0, 107;
v0x14b068df0_108 .array/port v0x14b068df0, 108;
v0x14b068df0_109 .array/port v0x14b068df0, 109;
E_0x14b068c00/27 .event anyedge, v0x14b068df0_106, v0x14b068df0_107, v0x14b068df0_108, v0x14b068df0_109;
v0x14b068df0_110 .array/port v0x14b068df0, 110;
v0x14b068df0_111 .array/port v0x14b068df0, 111;
v0x14b068df0_112 .array/port v0x14b068df0, 112;
v0x14b068df0_113 .array/port v0x14b068df0, 113;
E_0x14b068c00/28 .event anyedge, v0x14b068df0_110, v0x14b068df0_111, v0x14b068df0_112, v0x14b068df0_113;
v0x14b068df0_114 .array/port v0x14b068df0, 114;
v0x14b068df0_115 .array/port v0x14b068df0, 115;
v0x14b068df0_116 .array/port v0x14b068df0, 116;
v0x14b068df0_117 .array/port v0x14b068df0, 117;
E_0x14b068c00/29 .event anyedge, v0x14b068df0_114, v0x14b068df0_115, v0x14b068df0_116, v0x14b068df0_117;
v0x14b068df0_118 .array/port v0x14b068df0, 118;
v0x14b068df0_119 .array/port v0x14b068df0, 119;
v0x14b068df0_120 .array/port v0x14b068df0, 120;
v0x14b068df0_121 .array/port v0x14b068df0, 121;
E_0x14b068c00/30 .event anyedge, v0x14b068df0_118, v0x14b068df0_119, v0x14b068df0_120, v0x14b068df0_121;
v0x14b068df0_122 .array/port v0x14b068df0, 122;
v0x14b068df0_123 .array/port v0x14b068df0, 123;
v0x14b068df0_124 .array/port v0x14b068df0, 124;
v0x14b068df0_125 .array/port v0x14b068df0, 125;
E_0x14b068c00/31 .event anyedge, v0x14b068df0_122, v0x14b068df0_123, v0x14b068df0_124, v0x14b068df0_125;
v0x14b068df0_126 .array/port v0x14b068df0, 126;
v0x14b068df0_127 .array/port v0x14b068df0, 127;
E_0x14b068c00/32 .event anyedge, v0x14b068df0_126, v0x14b068df0_127;
E_0x14b068c00 .event/or E_0x14b068c00/0, E_0x14b068c00/1, E_0x14b068c00/2, E_0x14b068c00/3, E_0x14b068c00/4, E_0x14b068c00/5, E_0x14b068c00/6, E_0x14b068c00/7, E_0x14b068c00/8, E_0x14b068c00/9, E_0x14b068c00/10, E_0x14b068c00/11, E_0x14b068c00/12, E_0x14b068c00/13, E_0x14b068c00/14, E_0x14b068c00/15, E_0x14b068c00/16, E_0x14b068c00/17, E_0x14b068c00/18, E_0x14b068c00/19, E_0x14b068c00/20, E_0x14b068c00/21, E_0x14b068c00/22, E_0x14b068c00/23, E_0x14b068c00/24, E_0x14b068c00/25, E_0x14b068c00/26, E_0x14b068c00/27, E_0x14b068c00/28, E_0x14b068c00/29, E_0x14b068c00/30, E_0x14b068c00/31, E_0x14b068c00/32;
S_0x14b06a510 .scope module, "mux_jal" "Mux2to1" 3 193, 10 1 0, S_0x14b03dba0;
 .timescale 0 0;
    .port_info 0 /INPUT 1 "sel";
    .port_info 1 /INPUT 32 "s0";
    .port_info 2 /INPUT 32 "s1";
    .port_info 3 /OUTPUT 32 "out";
P_0x14b068790 .param/l "size" 0 10 2, +C4<00000000000000000000000000100000>;
v0x14b06a810_0 .net/s "out", 31 0, L_0x14b06f420;  alias, 1 drivers
v0x14b06a8e0_0 .net/s "s0", 31 0, v0x14b061700_0;  alias, 1 drivers
v0x14b06a970_0 .net/s "s1", 31 0, L_0x14b06ecc0;  alias, 1 drivers
v0x14b06aa00_0 .net "sel", 0 0, L_0x14b06c780;  alias, 1 drivers
L_0x14b06f420 .functor MUXZ 32, v0x14b061700_0, L_0x14b06ecc0, L_0x14b06c780, C4<>;
    .scope S_0x14b066520;
T_1 ;
    %wait E_0x14b066740;
    %load/vec4 v0x14b0669c0_0;
    %inv;
    %flag_set/vec4 8;
    %jmp/0xz  T_1.0, 8;
    %pushi/vec4 0, 0, 32;
    %assign/vec4 v0x14b066910_0, 0;
    %jmp T_1.1;
T_1.0 ;
    %load/vec4 v0x14b066850_0;
    %assign/vec4 v0x14b066910_0, 0;
T_1.1 ;
    %jmp T_1;
    .thread T_1;
    .scope S_0x14b064450;
T_2 ;
    %pushi/vec4 0, 0, 8;
    %ix/load 4, 0, 0;
    %flag_set/imm 4, 0;
    %store/vec4a v0x14b065140, 4, 0;
    %pushi/vec4 0, 0, 8;
    %ix/load 4, 1, 0;
    %flag_set/imm 4, 0;
    %store/vec4a v0x14b065140, 4, 0;
    %pushi/vec4 0, 0, 8;
    %ix/load 4, 2, 0;
    %flag_set/imm 4, 0;
    %store/vec4a v0x14b065140, 4, 0;
    %pushi/vec4 0, 0, 8;
    %ix/load 4, 3, 0;
    %flag_set/imm 4, 0;
    %store/vec4a v0x14b065140, 4, 0;
    %pushi/vec4 0, 0, 8;
    %ix/load 4, 4, 0;
    %flag_set/imm 4, 0;
    %store/vec4a v0x14b065140, 4, 0;
    %pushi/vec4 0, 0, 8;
    %ix/load 4, 5, 0;
    %flag_set/imm 4, 0;
    %store/vec4a v0x14b065140, 4, 0;
    %pushi/vec4 0, 0, 8;
    %ix/load 4, 6, 0;
    %flag_set/imm 4, 0;
    %store/vec4a v0x14b065140, 4, 0;
    %pushi/vec4 0, 0, 8;
    %ix/load 4, 7, 0;
    %flag_set/imm 4, 0;
    %store/vec4a v0x14b065140, 4, 0;
    %pushi/vec4 0, 0, 8;
    %ix/load 4, 8, 0;
    %flag_set/imm 4, 0;
    %store/vec4a v0x14b065140, 4, 0;
    %pushi/vec4 0, 0, 8;
    %ix/load 4, 9, 0;
    %flag_set/imm 4, 0;
    %store/vec4a v0x14b065140, 4, 0;
    %pushi/vec4 0, 0, 8;
    %ix/load 4, 10, 0;
    %flag_set/imm 4, 0;
    %store/vec4a v0x14b065140, 4, 0;
    %pushi/vec4 0, 0, 8;
    %ix/load 4, 11, 0;
    %flag_set/imm 4, 0;
    %store/vec4a v0x14b065140, 4, 0;
    %pushi/vec4 0, 0, 8;
    %ix/load 4, 12, 0;
    %flag_set/imm 4, 0;
    %store/vec4a v0x14b065140, 4, 0;
    %pushi/vec4 0, 0, 8;
    %ix/load 4, 13, 0;
    %flag_set/imm 4, 0;
    %store/vec4a v0x14b065140, 4, 0;
    %pushi/vec4 0, 0, 8;
    %ix/load 4, 14, 0;
    %flag_set/imm 4, 0;
    %store/vec4a v0x14b065140, 4, 0;
    %pushi/vec4 0, 0, 8;
    %ix/load 4, 15, 0;
    %flag_set/imm 4, 0;
    %store/vec4a v0x14b065140, 4, 0;
    %pushi/vec4 0, 0, 8;
    %ix/load 4, 16, 0;
    %flag_set/imm 4, 0;
    %store/vec4a v0x14b065140, 4, 0;
    %pushi/vec4 0, 0, 8;
    %ix/load 4, 17, 0;
    %flag_set/imm 4, 0;
    %store/vec4a v0x14b065140, 4, 0;
    %pushi/vec4 0, 0, 8;
    %ix/load 4, 18, 0;
    %flag_set/imm 4, 0;
    %store/vec4a v0x14b065140, 4, 0;
    %pushi/vec4 0, 0, 8;
    %ix/load 4, 19, 0;
    %flag_set/imm 4, 0;
    %store/vec4a v0x14b065140, 4, 0;
    %pushi/vec4 0, 0, 8;
    %ix/load 4, 20, 0;
    %flag_set/imm 4, 0;
    %store/vec4a v0x14b065140, 4, 0;
    %pushi/vec4 0, 0, 8;
    %ix/load 4, 21, 0;
    %flag_set/imm 4, 0;
    %store/vec4a v0x14b065140, 4, 0;
    %pushi/vec4 0, 0, 8;
    %ix/load 4, 22, 0;
    %flag_set/imm 4, 0;
    %store/vec4a v0x14b065140, 4, 0;
    %pushi/vec4 0, 0, 8;
    %ix/load 4, 23, 0;
    %flag_set/imm 4, 0;
    %store/vec4a v0x14b065140, 4, 0;
    %pushi/vec4 0, 0, 8;
    %ix/load 4, 24, 0;
    %flag_set/imm 4, 0;
    %store/vec4a v0x14b065140, 4, 0;
    %pushi/vec4 0, 0, 8;
    %ix/load 4, 25, 0;
    %flag_set/imm 4, 0;
    %store/vec4a v0x14b065140, 4, 0;
    %pushi/vec4 0, 0, 8;
    %ix/load 4, 26, 0;
    %flag_set/imm 4, 0;
    %store/vec4a v0x14b065140, 4, 0;
    %pushi/vec4 0, 0, 8;
    %ix/load 4, 27, 0;
    %flag_set/imm 4, 0;
    %store/vec4a v0x14b065140, 4, 0;
    %pushi/vec4 0, 0, 8;
    %ix/load 4, 28, 0;
    %flag_set/imm 4, 0;
    %store/vec4a v0x14b065140, 4, 0;
    %pushi/vec4 0, 0, 8;
    %ix/load 4, 29, 0;
    %flag_set/imm 4, 0;
    %store/vec4a v0x14b065140, 4, 0;
    %pushi/vec4 0, 0, 8;
    %ix/load 4, 30, 0;
    %flag_set/imm 4, 0;
    %store/vec4a v0x14b065140, 4, 0;
    %pushi/vec4 0, 0, 8;
    %ix/load 4, 31, 0;
    %flag_set/imm 4, 0;
    %store/vec4a v0x14b065140, 4, 0;
    %vpi_call 9 21 "$readmemb", "TEST_INSTRUCTIONS.dat", v0x14b065140, 32'sb00000000000000000000000000000000, 32'sb00000000000000000000000001111111 {0 0 0};
    %end;
    .thread T_2;
    .scope S_0x14b062ee0;
T_3 ;
    %wait E_0x14b063710;
    %pushi/vec4 0, 0, 1;
    %store/vec4 v0x14b0638b0_0, 0, 1;
    %pushi/vec4 0, 0, 1;
    %store/vec4 v0x14b063af0_0, 0, 1;
    %pushi/vec4 0, 0, 1;
    %store/vec4 v0x14b063c30_0, 0, 1;
    %pushi/vec4 0, 0, 1;
    %store/vec4 v0x14b063b90_0, 0, 1;
    %pushi/vec4 0, 0, 1;
    %store/vec4 v0x14b063820_0, 0, 1;
    %pushi/vec4 0, 0, 1;
    %store/vec4 v0x14b063de0_0, 0, 1;
    %pushi/vec4 0, 0, 1;
    %store/vec4 v0x14b063a10_0, 0, 1;
    %pushi/vec4 0, 0, 2;
    %store/vec4 v0x14b063770_0, 0, 2;
    %load/vec4 v0x14b063cd0_0;
    %dup/vec4;
    %pushi/vec4 51, 0, 7;
    %cmp/u;
    %jmp/1 T_3.0, 6;
    %dup/vec4;
    %pushi/vec4 19, 0, 7;
    %cmp/u;
    %jmp/1 T_3.1, 6;
    %dup/vec4;
    %pushi/vec4 3, 0, 7;
    %cmp/u;
    %jmp/1 T_3.2, 6;
    %dup/vec4;
    %pushi/vec4 35, 0, 7;
    %cmp/u;
    %jmp/1 T_3.3, 6;
    %dup/vec4;
    %pushi/vec4 99, 0, 7;
    %cmp/u;
    %jmp/1 T_3.4, 6;
    %dup/vec4;
    %pushi/vec4 111, 0, 7;
    %cmp/u;
    %jmp/1 T_3.5, 6;
    %dup/vec4;
    %pushi/vec4 103, 0, 7;
    %cmp/u;
    %jmp/1 T_3.6, 6;
    %dup/vec4;
    %pushi/vec4 55, 0, 7;
    %cmp/u;
    %jmp/1 T_3.7, 6;
    %dup/vec4;
    %pushi/vec4 23, 0, 7;
    %cmp/u;
    %jmp/1 T_3.8, 6;
    %jmp T_3.10;
T_3.0 ;
    %pushi/vec4 1, 0, 1;
    %store/vec4 v0x14b063de0_0, 0, 1;
    %pushi/vec4 0, 0, 1;
    %store/vec4 v0x14b063820_0, 0, 1;
    %pushi/vec4 2, 0, 2;
    %store/vec4 v0x14b063770_0, 0, 2;
    %jmp T_3.10;
T_3.1 ;
    %pushi/vec4 1, 0, 1;
    %store/vec4 v0x14b063de0_0, 0, 1;
    %pushi/vec4 1, 0, 1;
    %store/vec4 v0x14b063820_0, 0, 1;
    %load/vec4 v0x14b063960_0;
    %cmpi/e 0, 0, 3;
    %jmp/0xz  T_3.11, 4;
    %pushi/vec4 0, 0, 2;
    %store/vec4 v0x14b063770_0, 0, 2;
    %jmp T_3.12;
T_3.11 ;
    %pushi/vec4 2, 0, 2;
    %store/vec4 v0x14b063770_0, 0, 2;
T_3.12 ;
    %jmp T_3.10;
T_3.2 ;
    %pushi/vec4 1, 0, 1;
    %store/vec4 v0x14b063de0_0, 0, 1;
    %pushi/vec4 1, 0, 1;
    %store/vec4 v0x14b063af0_0, 0, 1;
    %pushi/vec4 1, 0, 1;
    %store/vec4 v0x14b063c30_0, 0, 1;
    %pushi/vec4 1, 0, 1;
    %store/vec4 v0x14b063820_0, 0, 1;
    %jmp T_3.10;
T_3.3 ;
    %pushi/vec4 1, 0, 1;
    %store/vec4 v0x14b063b90_0, 0, 1;
    %pushi/vec4 1, 0, 1;
    %store/vec4 v0x14b063820_0, 0, 1;
    %jmp T_3.10;
T_3.4 ;
    %pushi/vec4 1, 0, 1;
    %store/vec4 v0x14b0638b0_0, 0, 1;
    %pushi/vec4 0, 0, 1;
    %store/vec4 v0x14b063820_0, 0, 1;
    %pushi/vec4 1, 0, 2;
    %store/vec4 v0x14b063770_0, 0, 2;
    %jmp T_3.10;
T_3.5 ;
    %pushi/vec4 1, 0, 1;
    %store/vec4 v0x14b063a10_0, 0, 1;
    %pushi/vec4 1, 0, 1;
    %store/vec4 v0x14b063de0_0, 0, 1;
    %pushi/vec4 0, 0, 1;
    %store/vec4 v0x14b063820_0, 0, 1;
    %jmp T_3.10;
T_3.6 ;
    %pushi/vec4 1, 0, 1;
    %store/vec4 v0x14b063a10_0, 0, 1;
    %pushi/vec4 1, 0, 1;
    %store/vec4 v0x14b063de0_0, 0, 1;
    %pushi/vec4 1, 0, 1;
    %store/vec4 v0x14b063820_0, 0, 1;
    %jmp T_3.10;
T_3.7 ;
    %pushi/vec4 1, 0, 1;
    %store/vec4 v0x14b063de0_0, 0, 1;
    %pushi/vec4 1, 0, 1;
    %store/vec4 v0x14b063820_0, 0, 1;
    %jmp T_3.10;
T_3.8 ;
    %pushi/vec4 1, 0, 1;
    %store/vec4 v0x14b063de0_0, 0, 1;
    %pushi/vec4 1, 0, 1;
    %store/vec4 v0x14b063820_0, 0, 1;
    %jmp T_3.10;
T_3.10 ;
    %pop/vec4 1;
    %jmp T_3;
    .thread T_3, $push;
    .scope S_0x14b066ab0;
T_4 ;
    %wait E_0x14b066740;
    %load/vec4 v0x14b067e10_0;
    %inv;
    %flag_set/vec4 8;
    %jmp/0xz  T_4.0, 8;
    %pushi/vec4 0, 0, 32;
    %ix/load 3, 0, 0;
    %flag_set/imm 4, 0;
    %ix/load 4, 0, 0; Constant delay
    %assign/vec4/a/d v0x14b067d80, 0, 4;
    %pushi/vec4 0, 0, 32;
    %ix/load 3, 1, 0;
    %flag_set/imm 4, 0;
    %ix/load 4, 0, 0; Constant delay
    %assign/vec4/a/d v0x14b067d80, 0, 4;
    %pushi/vec4 128, 0, 32;
    %ix/load 3, 2, 0;
    %flag_set/imm 4, 0;
    %ix/load 4, 0, 0; Constant delay
    %assign/vec4/a/d v0x14b067d80, 0, 4;
    %pushi/vec4 0, 0, 32;
    %ix/load 3, 3, 0;
    %flag_set/imm 4, 0;
    %ix/load 4, 0, 0; Constant delay
    %assign/vec4/a/d v0x14b067d80, 0, 4;
    %pushi/vec4 0, 0, 32;
    %ix/load 3, 4, 0;
    %flag_set/imm 4, 0;
    %ix/load 4, 0, 0; Constant delay
    %assign/vec4/a/d v0x14b067d80, 0, 4;
    %pushi/vec4 0, 0, 32;
    %ix/load 3, 5, 0;
    %flag_set/imm 4, 0;
    %ix/load 4, 0, 0; Constant delay
    %assign/vec4/a/d v0x14b067d80, 0, 4;
    %pushi/vec4 0, 0, 32;
    %ix/load 3, 6, 0;
    %flag_set/imm 4, 0;
    %ix/load 4, 0, 0; Constant delay
    %assign/vec4/a/d v0x14b067d80, 0, 4;
    %pushi/vec4 0, 0, 32;
    %ix/load 3, 7, 0;
    %flag_set/imm 4, 0;
    %ix/load 4, 0, 0; Constant delay
    %assign/vec4/a/d v0x14b067d80, 0, 4;
    %pushi/vec4 0, 0, 32;
    %ix/load 3, 8, 0;
    %flag_set/imm 4, 0;
    %ix/load 4, 0, 0; Constant delay
    %assign/vec4/a/d v0x14b067d80, 0, 4;
    %pushi/vec4 0, 0, 32;
    %ix/load 3, 9, 0;
    %flag_set/imm 4, 0;
    %ix/load 4, 0, 0; Constant delay
    %assign/vec4/a/d v0x14b067d80, 0, 4;
    %pushi/vec4 0, 0, 32;
    %ix/load 3, 10, 0;
    %flag_set/imm 4, 0;
    %ix/load 4, 0, 0; Constant delay
    %assign/vec4/a/d v0x14b067d80, 0, 4;
    %pushi/vec4 0, 0, 32;
    %ix/load 3, 11, 0;
    %flag_set/imm 4, 0;
    %ix/load 4, 0, 0; Constant delay
    %assign/vec4/a/d v0x14b067d80, 0, 4;
    %pushi/vec4 0, 0, 32;
    %ix/load 3, 12, 0;
    %flag_set/imm 4, 0;
    %ix/load 4, 0, 0; Constant delay
    %assign/vec4/a/d v0x14b067d80, 0, 4;
    %pushi/vec4 0, 0, 32;
    %ix/load 3, 13, 0;
    %flag_set/imm 4, 0;
    %ix/load 4, 0, 0; Constant delay
    %assign/vec4/a/d v0x14b067d80, 0, 4;
    %pushi/vec4 0, 0, 32;
    %ix/load 3, 14, 0;
    %flag_set/imm 4, 0;
    %ix/load 4, 0, 0; Constant delay
    %assign/vec4/a/d v0x14b067d80, 0, 4;
    %pushi/vec4 0, 0, 32;
    %ix/load 3, 15, 0;
    %flag_set/imm 4, 0;
    %ix/load 4, 0, 0; Constant delay
    %assign/vec4/a/d v0x14b067d80, 0, 4;
    %pushi/vec4 0, 0, 32;
    %ix/load 3, 16, 0;
    %flag_set/imm 4, 0;
    %ix/load 4, 0, 0; Constant delay
    %assign/vec4/a/d v0x14b067d80, 0, 4;
    %pushi/vec4 0, 0, 32;
    %ix/load 3, 17, 0;
    %flag_set/imm 4, 0;
    %ix/load 4, 0, 0; Constant delay
    %assign/vec4/a/d v0x14b067d80, 0, 4;
    %pushi/vec4 0, 0, 32;
    %ix/load 3, 18, 0;
    %flag_set/imm 4, 0;
    %ix/load 4, 0, 0; Constant delay
    %assign/vec4/a/d v0x14b067d80, 0, 4;
    %pushi/vec4 0, 0, 32;
    %ix/load 3, 19, 0;
    %flag_set/imm 4, 0;
    %ix/load 4, 0, 0; Constant delay
    %assign/vec4/a/d v0x14b067d80, 0, 4;
    %pushi/vec4 0, 0, 32;
    %ix/load 3, 20, 0;
    %flag_set/imm 4, 0;
    %ix/load 4, 0, 0; Constant delay
    %assign/vec4/a/d v0x14b067d80, 0, 4;
    %pushi/vec4 0, 0, 32;
    %ix/load 3, 21, 0;
    %flag_set/imm 4, 0;
    %ix/load 4, 0, 0; Constant delay
    %assign/vec4/a/d v0x14b067d80, 0, 4;
    %pushi/vec4 0, 0, 32;
    %ix/load 3, 22, 0;
    %flag_set/imm 4, 0;
    %ix/load 4, 0, 0; Constant delay
    %assign/vec4/a/d v0x14b067d80, 0, 4;
    %pushi/vec4 0, 0, 32;
    %ix/load 3, 23, 0;
    %flag_set/imm 4, 0;
    %ix/load 4, 0, 0; Constant delay
    %assign/vec4/a/d v0x14b067d80, 0, 4;
    %pushi/vec4 0, 0, 32;
    %ix/load 3, 24, 0;
    %flag_set/imm 4, 0;
    %ix/load 4, 0, 0; Constant delay
    %assign/vec4/a/d v0x14b067d80, 0, 4;
    %pushi/vec4 0, 0, 32;
    %ix/load 3, 25, 0;
    %flag_set/imm 4, 0;
    %ix/load 4, 0, 0; Constant delay
    %assign/vec4/a/d v0x14b067d80, 0, 4;
    %pushi/vec4 0, 0, 32;
    %ix/load 3, 26, 0;
    %flag_set/imm 4, 0;
    %ix/load 4, 0, 0; Constant delay
    %assign/vec4/a/d v0x14b067d80, 0, 4;
    %pushi/vec4 0, 0, 32;
    %ix/load 3, 27, 0;
    %flag_set/imm 4, 0;
    %ix/load 4, 0, 0; Constant delay
    %assign/vec4/a/d v0x14b067d80, 0, 4;
    %pushi/vec4 0, 0, 32;
    %ix/load 3, 28, 0;
    %flag_set/imm 4, 0;
    %ix/load 4, 0, 0; Constant delay
    %assign/vec4/a/d v0x14b067d80, 0, 4;
    %pushi/vec4 0, 0, 32;
    %ix/load 3, 29, 0;
    %flag_set/imm 4, 0;
    %ix/load 4, 0, 0; Constant delay
    %assign/vec4/a/d v0x14b067d80, 0, 4;
    %pushi/vec4 0, 0, 32;
    %ix/load 3, 30, 0;
    %flag_set/imm 4, 0;
    %ix/load 4, 0, 0; Constant delay
    %assign/vec4/a/d v0x14b067d80, 0, 4;
    %pushi/vec4 0, 0, 32;
    %ix/load 3, 31, 0;
    %flag_set/imm 4, 0;
    %ix/load 4, 0, 0; Constant delay
    %assign/vec4/a/d v0x14b067d80, 0, 4;
    %jmp T_4.1;
T_4.0 ;
    %load/vec4 v0x14b067cf0_0;
    %flag_set/vec4 8;
    %jmp/0xz  T_4.2, 8;
    %load/vec4 v0x14b067f70_0;
    %pad/u 32;
    %cmpi/e 0, 0, 32;
    %flag_mov 8, 4;
    %jmp/0 T_4.4, 8;
    %pushi/vec4 0, 0, 32;
    %jmp/1 T_4.5, 8;
T_4.4 ; End of true expr.
    %load/vec4 v0x14b067ec0_0;
    %jmp/0 T_4.5, 8;
 ; End of false expr.
    %blend;
T_4.5;
    %load/vec4 v0x14b067f70_0;
    %pad/u 7;
    %ix/vec4 3;
    %ix/load 4, 0, 0; Constant delay
    %assign/vec4/a/d v0x14b067d80, 0, 4;
T_4.2 ;
T_4.1 ;
    %jmp T_4;
    .thread T_4;
    .scope S_0x14b063f70;
T_5 ;
    %wait E_0x14b064200;
    %load/vec4 v0x14b0643c0_0;
    %dup/vec4;
    %pushi/vec4 3, 0, 7;
    %cmp/u;
    %jmp/1 T_5.0, 6;
    %dup/vec4;
    %pushi/vec4 19, 0, 7;
    %cmp/u;
    %jmp/1 T_5.1, 6;
    %dup/vec4;
    %pushi/vec4 103, 0, 7;
    %cmp/u;
    %jmp/1 T_5.2, 6;
    %dup/vec4;
    %pushi/vec4 35, 0, 7;
    %cmp/u;
    %jmp/1 T_5.3, 6;
    %dup/vec4;
    %pushi/vec4 99, 0, 7;
    %cmp/u;
    %jmp/1 T_5.4, 6;
    %dup/vec4;
    %pushi/vec4 55, 0, 7;
    %cmp/u;
    %jmp/1 T_5.5, 6;
    %dup/vec4;
    %pushi/vec4 23, 0, 7;
    %cmp/u;
    %jmp/1 T_5.6, 6;
    %dup/vec4;
    %pushi/vec4 111, 0, 7;
    %cmp/u;
    %jmp/1 T_5.7, 6;
    %pushi/vec4 0, 0, 32;
    %store/vec4 v0x14b064260_0, 0, 32;
    %jmp T_5.9;
T_5.0 ;
    %load/vec4 v0x14b064320_0;
    %parti/s 1, 31, 6;
    %replicate 20;
    %load/vec4 v0x14b064320_0;
    %parti/s 12, 20, 6;
    %concat/vec4; draw_concat_vec4
    %store/vec4 v0x14b064260_0, 0, 32;
    %jmp T_5.9;
T_5.1 ;
    %load/vec4 v0x14b064320_0;
    %parti/s 1, 31, 6;
    %replicate 20;
    %load/vec4 v0x14b064320_0;
    %parti/s 12, 20, 6;
    %concat/vec4; draw_concat_vec4
    %store/vec4 v0x14b064260_0, 0, 32;
    %jmp T_5.9;
T_5.2 ;
    %load/vec4 v0x14b064320_0;
    %parti/s 1, 31, 6;
    %replicate 20;
    %load/vec4 v0x14b064320_0;
    %parti/s 12, 20, 6;
    %concat/vec4; draw_concat_vec4
    %store/vec4 v0x14b064260_0, 0, 32;
    %jmp T_5.9;
T_5.3 ;
    %load/vec4 v0x14b064320_0;
    %parti/s 1, 31, 6;
    %replicate 20;
    %load/vec4 v0x14b064320_0;
    %parti/s 7, 25, 6;
    %concat/vec4; draw_concat_vec4
    %load/vec4 v0x14b064320_0;
    %parti/s 5, 7, 4;
    %concat/vec4; draw_concat_vec4
    %store/vec4 v0x14b064260_0, 0, 32;
    %jmp T_5.9;
T_5.4 ;
    %load/vec4 v0x14b064320_0;
    %parti/s 1, 31, 6;
    %replicate 20;
    %load/vec4 v0x14b064320_0;
    %parti/s 1, 7, 4;
    %concat/vec4; draw_concat_vec4
    %load/vec4 v0x14b064320_0;
    %parti/s 6, 25, 6;
    %concat/vec4; draw_concat_vec4
    %load/vec4 v0x14b064320_0;
    %parti/s 4, 8, 5;
    %concat/vec4; draw_concat_vec4
    %pad/u 32;
    %store/vec4 v0x14b064260_0, 0, 32;
    %jmp T_5.9;
T_5.5 ;
    %load/vec4 v0x14b064320_0;
    %parti/s 20, 12, 5;
    %concati/vec4 0, 0, 12;
    %store/vec4 v0x14b064260_0, 0, 32;
    %jmp T_5.9;
T_5.6 ;
    %load/vec4 v0x14b064320_0;
    %parti/s 20, 12, 5;
    %concati/vec4 0, 0, 12;
    %store/vec4 v0x14b064260_0, 0, 32;
    %jmp T_5.9;
T_5.7 ;
    %load/vec4 v0x14b064320_0;
    %parti/s 1, 31, 6;
    %replicate 12;
    %load/vec4 v0x14b064320_0;
    %parti/s 8, 12, 5;
    %concat/vec4; draw_concat_vec4
    %load/vec4 v0x14b064320_0;
    %parti/s 1, 20, 6;
    %concat/vec4; draw_concat_vec4
    %load/vec4 v0x14b064320_0;
    %parti/s 10, 21, 6;
    %concat/vec4; draw_concat_vec4
    %pad/u 32;
    %store/vec4 v0x14b064260_0, 0, 32;
    %jmp T_5.9;
T_5.9 ;
    %pop/vec4 1;
    %jmp T_5;
    .thread T_5, $push;
    .scope S_0x14b061a80;
T_6 ;
    %wait E_0x14b062220;
    %load/vec4 v0x14b062350_0;
    %dup/vec4;
    %pushi/vec4 0, 0, 2;
    %cmp/u;
    %jmp/1 T_6.0, 6;
    %dup/vec4;
    %pushi/vec4 1, 0, 2;
    %cmp/u;
    %jmp/1 T_6.1, 6;
    %dup/vec4;
    %pushi/vec4 2, 0, 2;
    %cmp/u;
    %jmp/1 T_6.2, 6;
    %pushi/vec4 0, 0, 4;
    %store/vec4 v0x14b062280_0, 0, 4;
    %jmp T_6.4;
T_6.0 ;
    %pushi/vec4 0, 0, 4;
    %store/vec4 v0x14b062280_0, 0, 4;
    %jmp T_6.4;
T_6.1 ;
    %pushi/vec4 1, 0, 4;
    %store/vec4 v0x14b062280_0, 0, 4;
    %jmp T_6.4;
T_6.2 ;
    %load/vec4 v0x14b0623f0_0;
    %dup/vec4;
    %pushi/vec4 0, 0, 3;
    %cmp/u;
    %jmp/1 T_6.5, 6;
    %dup/vec4;
    %pushi/vec4 1, 0, 3;
    %cmp/u;
    %jmp/1 T_6.6, 6;
    %dup/vec4;
    %pushi/vec4 2, 0, 3;
    %cmp/u;
    %jmp/1 T_6.7, 6;
    %dup/vec4;
    %pushi/vec4 3, 0, 3;
    %cmp/u;
    %jmp/1 T_6.8, 6;
    %dup/vec4;
    %pushi/vec4 4, 0, 3;
    %cmp/u;
    %jmp/1 T_6.9, 6;
    %dup/vec4;
    %pushi/vec4 5, 0, 3;
    %cmp/u;
    %jmp/1 T_6.10, 6;
    %dup/vec4;
    %pushi/vec4 6, 0, 3;
    %cmp/u;
    %jmp/1 T_6.11, 6;
    %dup/vec4;
    %pushi/vec4 7, 0, 3;
    %cmp/u;
    %jmp/1 T_6.12, 6;
    %pushi/vec4 0, 0, 4;
    %store/vec4 v0x14b062280_0, 0, 4;
    %jmp T_6.14;
T_6.5 ;
    %load/vec4 v0x14b0624b0_0;
    %cmpi/e 1, 0, 1;
    %jmp/0xz  T_6.15, 4;
    %pushi/vec4 1, 0, 4;
    %store/vec4 v0x14b062280_0, 0, 4;
    %jmp T_6.16;
T_6.15 ;
    %pushi/vec4 0, 0, 4;
    %store/vec4 v0x14b062280_0, 0, 4;
T_6.16 ;
    %jmp T_6.14;
T_6.6 ;
    %pushi/vec4 5, 0, 4;
    %store/vec4 v0x14b062280_0, 0, 4;
    %jmp T_6.14;
T_6.7 ;
    %pushi/vec4 8, 0, 4;
    %store/vec4 v0x14b062280_0, 0, 4;
    %jmp T_6.14;
T_6.8 ;
    %pushi/vec4 9, 0, 4;
    %store/vec4 v0x14b062280_0, 0, 4;
    %jmp T_6.14;
T_6.9 ;
    %pushi/vec4 4, 0, 4;
    %store/vec4 v0x14b062280_0, 0, 4;
    %jmp T_6.14;
T_6.10 ;
    %load/vec4 v0x14b0624b0_0;
    %cmpi/e 1, 0, 1;
    %jmp/0xz  T_6.17, 4;
    %pushi/vec4 7, 0, 4;
    %store/vec4 v0x14b062280_0, 0, 4;
    %jmp T_6.18;
T_6.17 ;
    %pushi/vec4 6, 0, 4;
    %store/vec4 v0x14b062280_0, 0, 4;
T_6.18 ;
    %jmp T_6.14;
T_6.11 ;
    %pushi/vec4 3, 0, 4;
    %store/vec4 v0x14b062280_0, 0, 4;
    %jmp T_6.14;
T_6.12 ;
    %pushi/vec4 2, 0, 4;
    %store/vec4 v0x14b062280_0, 0, 4;
    %jmp T_6.14;
T_6.14 ;
    %pop/vec4 1;
    %jmp T_6.4;
T_6.4 ;
    %pop/vec4 1;
    %jmp T_6;
    .thread T_6, $push;
    .scope S_0x14b03dd10;
T_7 ;
    %wait E_0x14b052610;
    %load/vec4 v0x14b061650_0;
    %dup/vec4;
    %pushi/vec4 0, 0, 4;
    %cmp/u;
    %jmp/1 T_7.0, 6;
    %dup/vec4;
    %pushi/vec4 1, 0, 4;
    %cmp/u;
    %jmp/1 T_7.1, 6;
    %dup/vec4;
    %pushi/vec4 2, 0, 4;
    %cmp/u;
    %jmp/1 T_7.2, 6;
    %dup/vec4;
    %pushi/vec4 3, 0, 4;
    %cmp/u;
    %jmp/1 T_7.3, 6;
    %dup/vec4;
    %pushi/vec4 4, 0, 4;
    %cmp/u;
    %jmp/1 T_7.4, 6;
    %dup/vec4;
    %pushi/vec4 5, 0, 4;
    %cmp/u;
    %jmp/1 T_7.5, 6;
    %dup/vec4;
    %pushi/vec4 6, 0, 4;
    %cmp/u;
    %jmp/1 T_7.6, 6;
    %dup/vec4;
    %pushi/vec4 7, 0, 4;
    %cmp/u;
    %jmp/1 T_7.7, 6;
    %dup/vec4;
    %pushi/vec4 8, 0, 4;
    %cmp/u;
    %jmp/1 T_7.8, 6;
    %dup/vec4;
    %pushi/vec4 9, 0, 4;
    %cmp/u;
    %jmp/1 T_7.9, 6;
    %pushi/vec4 0, 0, 32;
    %store/vec4 v0x14b061700_0, 0, 32;
    %jmp T_7.11;
T_7.0 ;
    %load/vec4 v0x14b061590_0;
    %load/vec4 v0x14b0617c0_0;
    %add;
    %store/vec4 v0x14b061700_0, 0, 32;
    %jmp T_7.11;
T_7.1 ;
    %load/vec4 v0x14b061590_0;
    %load/vec4 v0x14b0617c0_0;
    %sub;
    %store/vec4 v0x14b061700_0, 0, 32;
    %jmp T_7.11;
T_7.2 ;
    %load/vec4 v0x14b061590_0;
    %load/vec4 v0x14b0617c0_0;
    %and;
    %store/vec4 v0x14b061700_0, 0, 32;
    %jmp T_7.11;
T_7.3 ;
    %load/vec4 v0x14b061590_0;
    %load/vec4 v0x14b0617c0_0;
    %or;
    %store/vec4 v0x14b061700_0, 0, 32;
    %jmp T_7.11;
T_7.4 ;
    %load/vec4 v0x14b061590_0;
    %load/vec4 v0x14b0617c0_0;
    %xor;
    %store/vec4 v0x14b061700_0, 0, 32;
    %jmp T_7.11;
T_7.5 ;
    %load/vec4 v0x14b061590_0;
    %load/vec4 v0x14b0617c0_0;
    %parti/s 5, 0, 2;
    %ix/vec4 4;
    %shiftl 4;
    %store/vec4 v0x14b061700_0, 0, 32;
    %jmp T_7.11;
T_7.6 ;
    %load/vec4 v0x14b061590_0;
    %load/vec4 v0x14b0617c0_0;
    %parti/s 5, 0, 2;
    %ix/vec4 4;
    %shiftr 4;
    %store/vec4 v0x14b061700_0, 0, 32;
    %jmp T_7.11;
T_7.7 ;
    %load/vec4 v0x14b061590_0;
    %load/vec4 v0x14b0617c0_0;
    %parti/s 5, 0, 2;
    %ix/vec4 4;
    %shiftr/s 4;
    %store/vec4 v0x14b061700_0, 0, 32;
    %jmp T_7.11;
T_7.8 ;
    %load/vec4 v0x14b061590_0;
    %load/vec4 v0x14b0617c0_0;
    %cmp/s;
    %flag_mov 8, 5;
    %jmp/0 T_7.12, 8;
    %pushi/vec4 1, 0, 32;
    %jmp/1 T_7.13, 8;
T_7.12 ; End of true expr.
    %pushi/vec4 0, 0, 32;
    %jmp/0 T_7.13, 8;
 ; End of false expr.
    %blend;
T_7.13;
    %store/vec4 v0x14b061700_0, 0, 32;
    %jmp T_7.11;
T_7.9 ;
    %load/vec4 v0x14b061590_0;
    %load/vec4 v0x14b0617c0_0;
    %cmp/u;
    %flag_mov 8, 5;
    %jmp/0 T_7.14, 8;
    %pushi/vec4 1, 0, 32;
    %jmp/1 T_7.15, 8;
T_7.14 ; End of true expr.
    %pushi/vec4 0, 0, 32;
    %jmp/0 T_7.15, 8;
 ; End of false expr.
    %blend;
T_7.15;
    %store/vec4 v0x14b061700_0, 0, 32;
    %jmp T_7.11;
T_7.11 ;
    %pop/vec4 1;
    %jmp T_7;
    .thread T_7, $push;
    .scope S_0x14b068940;
T_8 ;
    %wait E_0x14b066740;
    %load/vec4 v0x14b0698a0_0;
    %inv;
    %flag_set/vec4 8;
    %jmp/0xz  T_8.0, 8;
    %pushi/vec4 0, 0, 8;
    %ix/load 3, 0, 0;
    %flag_set/imm 4, 0;
    %ix/load 4, 0, 0; Constant delay
    %assign/vec4/a/d v0x14b068df0, 0, 4;
    %pushi/vec4 0, 0, 8;
    %ix/load 3, 1, 0;
    %flag_set/imm 4, 0;
    %ix/load 4, 0, 0; Constant delay
    %assign/vec4/a/d v0x14b068df0, 0, 4;
    %pushi/vec4 0, 0, 8;
    %ix/load 3, 2, 0;
    %flag_set/imm 4, 0;
    %ix/load 4, 0, 0; Constant delay
    %assign/vec4/a/d v0x14b068df0, 0, 4;
    %pushi/vec4 0, 0, 8;
    %ix/load 3, 3, 0;
    %flag_set/imm 4, 0;
    %ix/load 4, 0, 0; Constant delay
    %assign/vec4/a/d v0x14b068df0, 0, 4;
    %pushi/vec4 0, 0, 8;
    %ix/load 3, 4, 0;
    %flag_set/imm 4, 0;
    %ix/load 4, 0, 0; Constant delay
    %assign/vec4/a/d v0x14b068df0, 0, 4;
    %pushi/vec4 0, 0, 8;
    %ix/load 3, 5, 0;
    %flag_set/imm 4, 0;
    %ix/load 4, 0, 0; Constant delay
    %assign/vec4/a/d v0x14b068df0, 0, 4;
    %pushi/vec4 0, 0, 8;
    %ix/load 3, 6, 0;
    %flag_set/imm 4, 0;
    %ix/load 4, 0, 0; Constant delay
    %assign/vec4/a/d v0x14b068df0, 0, 4;
    %pushi/vec4 0, 0, 8;
    %ix/load 3, 7, 0;
    %flag_set/imm 4, 0;
    %ix/load 4, 0, 0; Constant delay
    %assign/vec4/a/d v0x14b068df0, 0, 4;
    %pushi/vec4 0, 0, 8;
    %ix/load 3, 8, 0;
    %flag_set/imm 4, 0;
    %ix/load 4, 0, 0; Constant delay
    %assign/vec4/a/d v0x14b068df0, 0, 4;
    %pushi/vec4 0, 0, 8;
    %ix/load 3, 9, 0;
    %flag_set/imm 4, 0;
    %ix/load 4, 0, 0; Constant delay
    %assign/vec4/a/d v0x14b068df0, 0, 4;
    %pushi/vec4 0, 0, 8;
    %ix/load 3, 10, 0;
    %flag_set/imm 4, 0;
    %ix/load 4, 0, 0; Constant delay
    %assign/vec4/a/d v0x14b068df0, 0, 4;
    %pushi/vec4 0, 0, 8;
    %ix/load 3, 11, 0;
    %flag_set/imm 4, 0;
    %ix/load 4, 0, 0; Constant delay
    %assign/vec4/a/d v0x14b068df0, 0, 4;
    %pushi/vec4 0, 0, 8;
    %ix/load 3, 12, 0;
    %flag_set/imm 4, 0;
    %ix/load 4, 0, 0; Constant delay
    %assign/vec4/a/d v0x14b068df0, 0, 4;
    %pushi/vec4 0, 0, 8;
    %ix/load 3, 13, 0;
    %flag_set/imm 4, 0;
    %ix/load 4, 0, 0; Constant delay
    %assign/vec4/a/d v0x14b068df0, 0, 4;
    %pushi/vec4 0, 0, 8;
    %ix/load 3, 14, 0;
    %flag_set/imm 4, 0;
    %ix/load 4, 0, 0; Constant delay
    %assign/vec4/a/d v0x14b068df0, 0, 4;
    %pushi/vec4 0, 0, 8;
    %ix/load 3, 15, 0;
    %flag_set/imm 4, 0;
    %ix/load 4, 0, 0; Constant delay
    %assign/vec4/a/d v0x14b068df0, 0, 4;
    %pushi/vec4 0, 0, 8;
    %ix/load 3, 16, 0;
    %flag_set/imm 4, 0;
    %ix/load 4, 0, 0; Constant delay
    %assign/vec4/a/d v0x14b068df0, 0, 4;
    %pushi/vec4 0, 0, 8;
    %ix/load 3, 17, 0;
    %flag_set/imm 4, 0;
    %ix/load 4, 0, 0; Constant delay
    %assign/vec4/a/d v0x14b068df0, 0, 4;
    %pushi/vec4 0, 0, 8;
    %ix/load 3, 18, 0;
    %flag_set/imm 4, 0;
    %ix/load 4, 0, 0; Constant delay
    %assign/vec4/a/d v0x14b068df0, 0, 4;
    %pushi/vec4 0, 0, 8;
    %ix/load 3, 19, 0;
    %flag_set/imm 4, 0;
    %ix/load 4, 0, 0; Constant delay
    %assign/vec4/a/d v0x14b068df0, 0, 4;
    %pushi/vec4 0, 0, 8;
    %ix/load 3, 20, 0;
    %flag_set/imm 4, 0;
    %ix/load 4, 0, 0; Constant delay
    %assign/vec4/a/d v0x14b068df0, 0, 4;
    %pushi/vec4 0, 0, 8;
    %ix/load 3, 21, 0;
    %flag_set/imm 4, 0;
    %ix/load 4, 0, 0; Constant delay
    %assign/vec4/a/d v0x14b068df0, 0, 4;
    %pushi/vec4 0, 0, 8;
    %ix/load 3, 22, 0;
    %flag_set/imm 4, 0;
    %ix/load 4, 0, 0; Constant delay
    %assign/vec4/a/d v0x14b068df0, 0, 4;
    %pushi/vec4 0, 0, 8;
    %ix/load 3, 23, 0;
    %flag_set/imm 4, 0;
    %ix/load 4, 0, 0; Constant delay
    %assign/vec4/a/d v0x14b068df0, 0, 4;
    %pushi/vec4 0, 0, 8;
    %ix/load 3, 24, 0;
    %flag_set/imm 4, 0;
    %ix/load 4, 0, 0; Constant delay
    %assign/vec4/a/d v0x14b068df0, 0, 4;
    %pushi/vec4 0, 0, 8;
    %ix/load 3, 25, 0;
    %flag_set/imm 4, 0;
    %ix/load 4, 0, 0; Constant delay
    %assign/vec4/a/d v0x14b068df0, 0, 4;
    %pushi/vec4 0, 0, 8;
    %ix/load 3, 26, 0;
    %flag_set/imm 4, 0;
    %ix/load 4, 0, 0; Constant delay
    %assign/vec4/a/d v0x14b068df0, 0, 4;
    %pushi/vec4 0, 0, 8;
    %ix/load 3, 27, 0;
    %flag_set/imm 4, 0;
    %ix/load 4, 0, 0; Constant delay
    %assign/vec4/a/d v0x14b068df0, 0, 4;
    %pushi/vec4 0, 0, 8;
    %ix/load 3, 28, 0;
    %flag_set/imm 4, 0;
    %ix/load 4, 0, 0; Constant delay
    %assign/vec4/a/d v0x14b068df0, 0, 4;
    %pushi/vec4 0, 0, 8;
    %ix/load 3, 29, 0;
    %flag_set/imm 4, 0;
    %ix/load 4, 0, 0; Constant delay
    %assign/vec4/a/d v0x14b068df0, 0, 4;
    %pushi/vec4 0, 0, 8;
    %ix/load 3, 30, 0;
    %flag_set/imm 4, 0;
    %ix/load 4, 0, 0; Constant delay
    %assign/vec4/a/d v0x14b068df0, 0, 4;
    %pushi/vec4 0, 0, 8;
    %ix/load 3, 31, 0;
    %flag_set/imm 4, 0;
    %ix/load 4, 0, 0; Constant delay
    %assign/vec4/a/d v0x14b068df0, 0, 4;
    %pushi/vec4 0, 0, 8;
    %ix/load 3, 32, 0;
    %flag_set/imm 4, 0;
    %ix/load 4, 0, 0; Constant delay
    %assign/vec4/a/d v0x14b068df0, 0, 4;
    %pushi/vec4 0, 0, 8;
    %ix/load 3, 33, 0;
    %flag_set/imm 4, 0;
    %ix/load 4, 0, 0; Constant delay
    %assign/vec4/a/d v0x14b068df0, 0, 4;
    %pushi/vec4 0, 0, 8;
    %ix/load 3, 34, 0;
    %flag_set/imm 4, 0;
    %ix/load 4, 0, 0; Constant delay
    %assign/vec4/a/d v0x14b068df0, 0, 4;
    %pushi/vec4 0, 0, 8;
    %ix/load 3, 35, 0;
    %flag_set/imm 4, 0;
    %ix/load 4, 0, 0; Constant delay
    %assign/vec4/a/d v0x14b068df0, 0, 4;
    %pushi/vec4 0, 0, 8;
    %ix/load 3, 36, 0;
    %flag_set/imm 4, 0;
    %ix/load 4, 0, 0; Constant delay
    %assign/vec4/a/d v0x14b068df0, 0, 4;
    %pushi/vec4 0, 0, 8;
    %ix/load 3, 37, 0;
    %flag_set/imm 4, 0;
    %ix/load 4, 0, 0; Constant delay
    %assign/vec4/a/d v0x14b068df0, 0, 4;
    %pushi/vec4 0, 0, 8;
    %ix/load 3, 38, 0;
    %flag_set/imm 4, 0;
    %ix/load 4, 0, 0; Constant delay
    %assign/vec4/a/d v0x14b068df0, 0, 4;
    %pushi/vec4 0, 0, 8;
    %ix/load 3, 39, 0;
    %flag_set/imm 4, 0;
    %ix/load 4, 0, 0; Constant delay
    %assign/vec4/a/d v0x14b068df0, 0, 4;
    %pushi/vec4 0, 0, 8;
    %ix/load 3, 40, 0;
    %flag_set/imm 4, 0;
    %ix/load 4, 0, 0; Constant delay
    %assign/vec4/a/d v0x14b068df0, 0, 4;
    %pushi/vec4 0, 0, 8;
    %ix/load 3, 41, 0;
    %flag_set/imm 4, 0;
    %ix/load 4, 0, 0; Constant delay
    %assign/vec4/a/d v0x14b068df0, 0, 4;
    %pushi/vec4 0, 0, 8;
    %ix/load 3, 42, 0;
    %flag_set/imm 4, 0;
    %ix/load 4, 0, 0; Constant delay
    %assign/vec4/a/d v0x14b068df0, 0, 4;
    %pushi/vec4 0, 0, 8;
    %ix/load 3, 43, 0;
    %flag_set/imm 4, 0;
    %ix/load 4, 0, 0; Constant delay
    %assign/vec4/a/d v0x14b068df0, 0, 4;
    %pushi/vec4 0, 0, 8;
    %ix/load 3, 44, 0;
    %flag_set/imm 4, 0;
    %ix/load 4, 0, 0; Constant delay
    %assign/vec4/a/d v0x14b068df0, 0, 4;
    %pushi/vec4 0, 0, 8;
    %ix/load 3, 45, 0;
    %flag_set/imm 4, 0;
    %ix/load 4, 0, 0; Constant delay
    %assign/vec4/a/d v0x14b068df0, 0, 4;
    %pushi/vec4 0, 0, 8;
    %ix/load 3, 46, 0;
    %flag_set/imm 4, 0;
    %ix/load 4, 0, 0; Constant delay
    %assign/vec4/a/d v0x14b068df0, 0, 4;
    %pushi/vec4 0, 0, 8;
    %ix/load 3, 47, 0;
    %flag_set/imm 4, 0;
    %ix/load 4, 0, 0; Constant delay
    %assign/vec4/a/d v0x14b068df0, 0, 4;
    %pushi/vec4 0, 0, 8;
    %ix/load 3, 48, 0;
    %flag_set/imm 4, 0;
    %ix/load 4, 0, 0; Constant delay
    %assign/vec4/a/d v0x14b068df0, 0, 4;
    %pushi/vec4 0, 0, 8;
    %ix/load 3, 49, 0;
    %flag_set/imm 4, 0;
    %ix/load 4, 0, 0; Constant delay
    %assign/vec4/a/d v0x14b068df0, 0, 4;
    %pushi/vec4 0, 0, 8;
    %ix/load 3, 50, 0;
    %flag_set/imm 4, 0;
    %ix/load 4, 0, 0; Constant delay
    %assign/vec4/a/d v0x14b068df0, 0, 4;
    %pushi/vec4 0, 0, 8;
    %ix/load 3, 51, 0;
    %flag_set/imm 4, 0;
    %ix/load 4, 0, 0; Constant delay
    %assign/vec4/a/d v0x14b068df0, 0, 4;
    %pushi/vec4 0, 0, 8;
    %ix/load 3, 52, 0;
    %flag_set/imm 4, 0;
    %ix/load 4, 0, 0; Constant delay
    %assign/vec4/a/d v0x14b068df0, 0, 4;
    %pushi/vec4 0, 0, 8;
    %ix/load 3, 53, 0;
    %flag_set/imm 4, 0;
    %ix/load 4, 0, 0; Constant delay
    %assign/vec4/a/d v0x14b068df0, 0, 4;
    %pushi/vec4 0, 0, 8;
    %ix/load 3, 54, 0;
    %flag_set/imm 4, 0;
    %ix/load 4, 0, 0; Constant delay
    %assign/vec4/a/d v0x14b068df0, 0, 4;
    %pushi/vec4 0, 0, 8;
    %ix/load 3, 55, 0;
    %flag_set/imm 4, 0;
    %ix/load 4, 0, 0; Constant delay
    %assign/vec4/a/d v0x14b068df0, 0, 4;
    %pushi/vec4 0, 0, 8;
    %ix/load 3, 56, 0;
    %flag_set/imm 4, 0;
    %ix/load 4, 0, 0; Constant delay
    %assign/vec4/a/d v0x14b068df0, 0, 4;
    %pushi/vec4 0, 0, 8;
    %ix/load 3, 57, 0;
    %flag_set/imm 4, 0;
    %ix/load 4, 0, 0; Constant delay
    %assign/vec4/a/d v0x14b068df0, 0, 4;
    %pushi/vec4 0, 0, 8;
    %ix/load 3, 58, 0;
    %flag_set/imm 4, 0;
    %ix/load 4, 0, 0; Constant delay
    %assign/vec4/a/d v0x14b068df0, 0, 4;
    %pushi/vec4 0, 0, 8;
    %ix/load 3, 59, 0;
    %flag_set/imm 4, 0;
    %ix/load 4, 0, 0; Constant delay
    %assign/vec4/a/d v0x14b068df0, 0, 4;
    %pushi/vec4 0, 0, 8;
    %ix/load 3, 60, 0;
    %flag_set/imm 4, 0;
    %ix/load 4, 0, 0; Constant delay
    %assign/vec4/a/d v0x14b068df0, 0, 4;
    %pushi/vec4 0, 0, 8;
    %ix/load 3, 61, 0;
    %flag_set/imm 4, 0;
    %ix/load 4, 0, 0; Constant delay
    %assign/vec4/a/d v0x14b068df0, 0, 4;
    %pushi/vec4 0, 0, 8;
    %ix/load 3, 62, 0;
    %flag_set/imm 4, 0;
    %ix/load 4, 0, 0; Constant delay
    %assign/vec4/a/d v0x14b068df0, 0, 4;
    %pushi/vec4 0, 0, 8;
    %ix/load 3, 63, 0;
    %flag_set/imm 4, 0;
    %ix/load 4, 0, 0; Constant delay
    %assign/vec4/a/d v0x14b068df0, 0, 4;
    %pushi/vec4 0, 0, 8;
    %ix/load 3, 64, 0;
    %flag_set/imm 4, 0;
    %ix/load 4, 0, 0; Constant delay
    %assign/vec4/a/d v0x14b068df0, 0, 4;
    %pushi/vec4 0, 0, 8;
    %ix/load 3, 65, 0;
    %flag_set/imm 4, 0;
    %ix/load 4, 0, 0; Constant delay
    %assign/vec4/a/d v0x14b068df0, 0, 4;
    %pushi/vec4 0, 0, 8;
    %ix/load 3, 66, 0;
    %flag_set/imm 4, 0;
    %ix/load 4, 0, 0; Constant delay
    %assign/vec4/a/d v0x14b068df0, 0, 4;
    %pushi/vec4 0, 0, 8;
    %ix/load 3, 67, 0;
    %flag_set/imm 4, 0;
    %ix/load 4, 0, 0; Constant delay
    %assign/vec4/a/d v0x14b068df0, 0, 4;
    %pushi/vec4 0, 0, 8;
    %ix/load 3, 68, 0;
    %flag_set/imm 4, 0;
    %ix/load 4, 0, 0; Constant delay
    %assign/vec4/a/d v0x14b068df0, 0, 4;
    %pushi/vec4 0, 0, 8;
    %ix/load 3, 69, 0;
    %flag_set/imm 4, 0;
    %ix/load 4, 0, 0; Constant delay
    %assign/vec4/a/d v0x14b068df0, 0, 4;
    %pushi/vec4 0, 0, 8;
    %ix/load 3, 70, 0;
    %flag_set/imm 4, 0;
    %ix/load 4, 0, 0; Constant delay
    %assign/vec4/a/d v0x14b068df0, 0, 4;
    %pushi/vec4 0, 0, 8;
    %ix/load 3, 71, 0;
    %flag_set/imm 4, 0;
    %ix/load 4, 0, 0; Constant delay
    %assign/vec4/a/d v0x14b068df0, 0, 4;
    %pushi/vec4 0, 0, 8;
    %ix/load 3, 72, 0;
    %flag_set/imm 4, 0;
    %ix/load 4, 0, 0; Constant delay
    %assign/vec4/a/d v0x14b068df0, 0, 4;
    %pushi/vec4 0, 0, 8;
    %ix/load 3, 73, 0;
    %flag_set/imm 4, 0;
    %ix/load 4, 0, 0; Constant delay
    %assign/vec4/a/d v0x14b068df0, 0, 4;
    %pushi/vec4 0, 0, 8;
    %ix/load 3, 74, 0;
    %flag_set/imm 4, 0;
    %ix/load 4, 0, 0; Constant delay
    %assign/vec4/a/d v0x14b068df0, 0, 4;
    %pushi/vec4 0, 0, 8;
    %ix/load 3, 75, 0;
    %flag_set/imm 4, 0;
    %ix/load 4, 0, 0; Constant delay
    %assign/vec4/a/d v0x14b068df0, 0, 4;
    %pushi/vec4 0, 0, 8;
    %ix/load 3, 76, 0;
    %flag_set/imm 4, 0;
    %ix/load 4, 0, 0; Constant delay
    %assign/vec4/a/d v0x14b068df0, 0, 4;
    %pushi/vec4 0, 0, 8;
    %ix/load 3, 77, 0;
    %flag_set/imm 4, 0;
    %ix/load 4, 0, 0; Constant delay
    %assign/vec4/a/d v0x14b068df0, 0, 4;
    %pushi/vec4 0, 0, 8;
    %ix/load 3, 78, 0;
    %flag_set/imm 4, 0;
    %ix/load 4, 0, 0; Constant delay
    %assign/vec4/a/d v0x14b068df0, 0, 4;
    %pushi/vec4 0, 0, 8;
    %ix/load 3, 79, 0;
    %flag_set/imm 4, 0;
    %ix/load 4, 0, 0; Constant delay
    %assign/vec4/a/d v0x14b068df0, 0, 4;
    %pushi/vec4 0, 0, 8;
    %ix/load 3, 80, 0;
    %flag_set/imm 4, 0;
    %ix/load 4, 0, 0; Constant delay
    %assign/vec4/a/d v0x14b068df0, 0, 4;
    %pushi/vec4 0, 0, 8;
    %ix/load 3, 81, 0;
    %flag_set/imm 4, 0;
    %ix/load 4, 0, 0; Constant delay
    %assign/vec4/a/d v0x14b068df0, 0, 4;
    %pushi/vec4 0, 0, 8;
    %ix/load 3, 82, 0;
    %flag_set/imm 4, 0;
    %ix/load 4, 0, 0; Constant delay
    %assign/vec4/a/d v0x14b068df0, 0, 4;
    %pushi/vec4 0, 0, 8;
    %ix/load 3, 83, 0;
    %flag_set/imm 4, 0;
    %ix/load 4, 0, 0; Constant delay
    %assign/vec4/a/d v0x14b068df0, 0, 4;
    %pushi/vec4 0, 0, 8;
    %ix/load 3, 84, 0;
    %flag_set/imm 4, 0;
    %ix/load 4, 0, 0; Constant delay
    %assign/vec4/a/d v0x14b068df0, 0, 4;
    %pushi/vec4 0, 0, 8;
    %ix/load 3, 85, 0;
    %flag_set/imm 4, 0;
    %ix/load 4, 0, 0; Constant delay
    %assign/vec4/a/d v0x14b068df0, 0, 4;
    %pushi/vec4 0, 0, 8;
    %ix/load 3, 86, 0;
    %flag_set/imm 4, 0;
    %ix/load 4, 0, 0; Constant delay
    %assign/vec4/a/d v0x14b068df0, 0, 4;
    %pushi/vec4 0, 0, 8;
    %ix/load 3, 87, 0;
    %flag_set/imm 4, 0;
    %ix/load 4, 0, 0; Constant delay
    %assign/vec4/a/d v0x14b068df0, 0, 4;
    %pushi/vec4 0, 0, 8;
    %ix/load 3, 88, 0;
    %flag_set/imm 4, 0;
    %ix/load 4, 0, 0; Constant delay
    %assign/vec4/a/d v0x14b068df0, 0, 4;
    %pushi/vec4 0, 0, 8;
    %ix/load 3, 89, 0;
    %flag_set/imm 4, 0;
    %ix/load 4, 0, 0; Constant delay
    %assign/vec4/a/d v0x14b068df0, 0, 4;
    %pushi/vec4 0, 0, 8;
    %ix/load 3, 90, 0;
    %flag_set/imm 4, 0;
    %ix/load 4, 0, 0; Constant delay
    %assign/vec4/a/d v0x14b068df0, 0, 4;
    %pushi/vec4 0, 0, 8;
    %ix/load 3, 91, 0;
    %flag_set/imm 4, 0;
    %ix/load 4, 0, 0; Constant delay
    %assign/vec4/a/d v0x14b068df0, 0, 4;
    %pushi/vec4 0, 0, 8;
    %ix/load 3, 92, 0;
    %flag_set/imm 4, 0;
    %ix/load 4, 0, 0; Constant delay
    %assign/vec4/a/d v0x14b068df0, 0, 4;
    %pushi/vec4 0, 0, 8;
    %ix/load 3, 93, 0;
    %flag_set/imm 4, 0;
    %ix/load 4, 0, 0; Constant delay
    %assign/vec4/a/d v0x14b068df0, 0, 4;
    %pushi/vec4 0, 0, 8;
    %ix/load 3, 94, 0;
    %flag_set/imm 4, 0;
    %ix/load 4, 0, 0; Constant delay
    %assign/vec4/a/d v0x14b068df0, 0, 4;
    %pushi/vec4 0, 0, 8;
    %ix/load 3, 95, 0;
    %flag_set/imm 4, 0;
    %ix/load 4, 0, 0; Constant delay
    %assign/vec4/a/d v0x14b068df0, 0, 4;
    %pushi/vec4 0, 0, 8;
    %ix/load 3, 96, 0;
    %flag_set/imm 4, 0;
    %ix/load 4, 0, 0; Constant delay
    %assign/vec4/a/d v0x14b068df0, 0, 4;
    %pushi/vec4 0, 0, 8;
    %ix/load 3, 97, 0;
    %flag_set/imm 4, 0;
    %ix/load 4, 0, 0; Constant delay
    %assign/vec4/a/d v0x14b068df0, 0, 4;
    %pushi/vec4 0, 0, 8;
    %ix/load 3, 98, 0;
    %flag_set/imm 4, 0;
    %ix/load 4, 0, 0; Constant delay
    %assign/vec4/a/d v0x14b068df0, 0, 4;
    %pushi/vec4 0, 0, 8;
    %ix/load 3, 99, 0;
    %flag_set/imm 4, 0;
    %ix/load 4, 0, 0; Constant delay
    %assign/vec4/a/d v0x14b068df0, 0, 4;
    %pushi/vec4 0, 0, 8;
    %ix/load 3, 100, 0;
    %flag_set/imm 4, 0;
    %ix/load 4, 0, 0; Constant delay
    %assign/vec4/a/d v0x14b068df0, 0, 4;
    %pushi/vec4 0, 0, 8;
    %ix/load 3, 101, 0;
    %flag_set/imm 4, 0;
    %ix/load 4, 0, 0; Constant delay
    %assign/vec4/a/d v0x14b068df0, 0, 4;
    %pushi/vec4 0, 0, 8;
    %ix/load 3, 102, 0;
    %flag_set/imm 4, 0;
    %ix/load 4, 0, 0; Constant delay
    %assign/vec4/a/d v0x14b068df0, 0, 4;
    %pushi/vec4 0, 0, 8;
    %ix/load 3, 103, 0;
    %flag_set/imm 4, 0;
    %ix/load 4, 0, 0; Constant delay
    %assign/vec4/a/d v0x14b068df0, 0, 4;
    %pushi/vec4 0, 0, 8;
    %ix/load 3, 104, 0;
    %flag_set/imm 4, 0;
    %ix/load 4, 0, 0; Constant delay
    %assign/vec4/a/d v0x14b068df0, 0, 4;
    %pushi/vec4 0, 0, 8;
    %ix/load 3, 105, 0;
    %flag_set/imm 4, 0;
    %ix/load 4, 0, 0; Constant delay
    %assign/vec4/a/d v0x14b068df0, 0, 4;
    %pushi/vec4 0, 0, 8;
    %ix/load 3, 106, 0;
    %flag_set/imm 4, 0;
    %ix/load 4, 0, 0; Constant delay
    %assign/vec4/a/d v0x14b068df0, 0, 4;
    %pushi/vec4 0, 0, 8;
    %ix/load 3, 107, 0;
    %flag_set/imm 4, 0;
    %ix/load 4, 0, 0; Constant delay
    %assign/vec4/a/d v0x14b068df0, 0, 4;
    %pushi/vec4 0, 0, 8;
    %ix/load 3, 108, 0;
    %flag_set/imm 4, 0;
    %ix/load 4, 0, 0; Constant delay
    %assign/vec4/a/d v0x14b068df0, 0, 4;
    %pushi/vec4 0, 0, 8;
    %ix/load 3, 109, 0;
    %flag_set/imm 4, 0;
    %ix/load 4, 0, 0; Constant delay
    %assign/vec4/a/d v0x14b068df0, 0, 4;
    %pushi/vec4 0, 0, 8;
    %ix/load 3, 110, 0;
    %flag_set/imm 4, 0;
    %ix/load 4, 0, 0; Constant delay
    %assign/vec4/a/d v0x14b068df0, 0, 4;
    %pushi/vec4 0, 0, 8;
    %ix/load 3, 111, 0;
    %flag_set/imm 4, 0;
    %ix/load 4, 0, 0; Constant delay
    %assign/vec4/a/d v0x14b068df0, 0, 4;
    %pushi/vec4 0, 0, 8;
    %ix/load 3, 112, 0;
    %flag_set/imm 4, 0;
    %ix/load 4, 0, 0; Constant delay
    %assign/vec4/a/d v0x14b068df0, 0, 4;
    %pushi/vec4 0, 0, 8;
    %ix/load 3, 113, 0;
    %flag_set/imm 4, 0;
    %ix/load 4, 0, 0; Constant delay
    %assign/vec4/a/d v0x14b068df0, 0, 4;
    %pushi/vec4 0, 0, 8;
    %ix/load 3, 114, 0;
    %flag_set/imm 4, 0;
    %ix/load 4, 0, 0; Constant delay
    %assign/vec4/a/d v0x14b068df0, 0, 4;
    %pushi/vec4 0, 0, 8;
    %ix/load 3, 115, 0;
    %flag_set/imm 4, 0;
    %ix/load 4, 0, 0; Constant delay
    %assign/vec4/a/d v0x14b068df0, 0, 4;
    %pushi/vec4 0, 0, 8;
    %ix/load 3, 116, 0;
    %flag_set/imm 4, 0;
    %ix/load 4, 0, 0; Constant delay
    %assign/vec4/a/d v0x14b068df0, 0, 4;
    %pushi/vec4 0, 0, 8;
    %ix/load 3, 117, 0;
    %flag_set/imm 4, 0;
    %ix/load 4, 0, 0; Constant delay
    %assign/vec4/a/d v0x14b068df0, 0, 4;
    %pushi/vec4 0, 0, 8;
    %ix/load 3, 118, 0;
    %flag_set/imm 4, 0;
    %ix/load 4, 0, 0; Constant delay
    %assign/vec4/a/d v0x14b068df0, 0, 4;
    %pushi/vec4 0, 0, 8;
    %ix/load 3, 119, 0;
    %flag_set/imm 4, 0;
    %ix/load 4, 0, 0; Constant delay
    %assign/vec4/a/d v0x14b068df0, 0, 4;
    %pushi/vec4 0, 0, 8;
    %ix/load 3, 120, 0;
    %flag_set/imm 4, 0;
    %ix/load 4, 0, 0; Constant delay
    %assign/vec4/a/d v0x14b068df0, 0, 4;
    %pushi/vec4 0, 0, 8;
    %ix/load 3, 121, 0;
    %flag_set/imm 4, 0;
    %ix/load 4, 0, 0; Constant delay
    %assign/vec4/a/d v0x14b068df0, 0, 4;
    %pushi/vec4 0, 0, 8;
    %ix/load 3, 122, 0;
    %flag_set/imm 4, 0;
    %ix/load 4, 0, 0; Constant delay
    %assign/vec4/a/d v0x14b068df0, 0, 4;
    %pushi/vec4 0, 0, 8;
    %ix/load 3, 123, 0;
    %flag_set/imm 4, 0;
    %ix/load 4, 0, 0; Constant delay
    %assign/vec4/a/d v0x14b068df0, 0, 4;
    %pushi/vec4 0, 0, 8;
    %ix/load 3, 124, 0;
    %flag_set/imm 4, 0;
    %ix/load 4, 0, 0; Constant delay
    %assign/vec4/a/d v0x14b068df0, 0, 4;
    %pushi/vec4 0, 0, 8;
    %ix/load 3, 125, 0;
    %flag_set/imm 4, 0;
    %ix/load 4, 0, 0; Constant delay
    %assign/vec4/a/d v0x14b068df0, 0, 4;
    %pushi/vec4 0, 0, 8;
    %ix/load 3, 126, 0;
    %flag_set/imm 4, 0;
    %ix/load 4, 0, 0; Constant delay
    %assign/vec4/a/d v0x14b068df0, 0, 4;
    %pushi/vec4 0, 0, 8;
    %ix/load 3, 127, 0;
    %flag_set/imm 4, 0;
    %ix/load 4, 0, 0; Constant delay
    %assign/vec4/a/d v0x14b068df0, 0, 4;
    %jmp T_8.1;
T_8.0 ;
    %load/vec4 v0x14b069720_0;
    %flag_set/vec4 8;
    %jmp/0xz  T_8.2, 8;
    %load/vec4 v0x14b069970_0;
    %parti/s 8, 24, 6;
    %load/vec4 v0x14b068c50_0;
    %addi 3, 0, 32;
    %ix/vec4 3;
    %ix/load 4, 0, 0; Constant delay
    %assign/vec4/a/d v0x14b068df0, 0, 4;
    %load/vec4 v0x14b069970_0;
    %parti/s 8, 16, 6;
    %load/vec4 v0x14b068c50_0;
    %addi 2, 0, 32;
    %ix/vec4 3;
    %ix/load 4, 0, 0; Constant delay
    %assign/vec4/a/d v0x14b068df0, 0, 4;
    %load/vec4 v0x14b069970_0;
    %parti/s 8, 8, 5;
    %load/vec4 v0x14b068c50_0;
    %addi 1, 0, 32;
    %ix/vec4 3;
    %ix/load 4, 0, 0; Constant delay
    %assign/vec4/a/d v0x14b068df0, 0, 4;
    %load/vec4 v0x14b069970_0;
    %parti/s 8, 0, 2;
    %ix/getv 3, v0x14b068c50_0;
    %ix/load 4, 0, 0; Constant delay
    %assign/vec4/a/d v0x14b068df0, 0, 4;
T_8.2 ;
T_8.1 ;
    %jmp T_8;
    .thread T_8;
    .scope S_0x14b068940;
T_9 ;
    %wait E_0x14b068c00;
    %load/vec4 v0x14b069670_0;
    %flag_set/vec4 8;
    %jmp/0xz  T_9.0, 8;
    %load/vec4 v0x14b068c50_0;
    %addi 3, 0, 32;
    %ix/vec4 4;
    %load/vec4a v0x14b068df0, 4;
    %ix/load 4, 24, 0;
    %flag_set/imm 4, 0;
    %store/vec4 v0x14b0697f0_0, 4, 8;
    %load/vec4 v0x14b068c50_0;
    %addi 2, 0, 32;
    %ix/vec4 4;
    %load/vec4a v0x14b068df0, 4;
    %ix/load 4, 16, 0;
    %flag_set/imm 4, 0;
    %store/vec4 v0x14b0697f0_0, 4, 8;
    %load/vec4 v0x14b068c50_0;
    %addi 1, 0, 32;
    %ix/vec4 4;
    %load/vec4a v0x14b068df0, 4;
    %ix/load 4, 8, 0;
    %flag_set/imm 4, 0;
    %store/vec4 v0x14b0697f0_0, 4, 8;
    %ix/getv 4, v0x14b068c50_0;
    %load/vec4a v0x14b068df0, 4;
    %ix/load 4, 0, 0;
    %flag_set/imm 4, 0;
    %store/vec4 v0x14b0697f0_0, 4, 8;
    %jmp T_9.1;
T_9.0 ;
    %pushi/vec4 0, 0, 32;
    %store/vec4 v0x14b0697f0_0, 0, 32;
T_9.1 ;
    %jmp T_9;
    .thread T_9, $push;
    .scope S_0x14b0685d0;
T_10 ;
    %wait E_0x14b0688d0;
    %load/vec4 v0x14b06a390_0;
    %store/vec4 v0x14b06a000_0, 0, 32;
    %load/vec4 v0x14b069ee0_0;
    %store/vec4 v0x14b06a130_0, 0, 1;
    %load/vec4 v0x14b069ee0_0;
    %flag_set/vec4 8;
    %jmp/0xz  T_10.0, 8;
    %load/vec4 v0x14b069d20_0;
    %dup/vec4;
    %pushi/vec4 0, 0, 3;
    %cmp/u;
    %jmp/1 T_10.2, 6;
    %dup/vec4;
    %pushi/vec4 1, 0, 3;
    %cmp/u;
    %jmp/1 T_10.3, 6;
    %dup/vec4;
    %pushi/vec4 2, 0, 3;
    %cmp/u;
    %jmp/1 T_10.4, 6;
    %load/vec4 v0x14b06a390_0;
    %store/vec4 v0x14b06a000_0, 0, 32;
    %jmp T_10.6;
T_10.2 ;
    %load/vec4 v0x14b069f70_0;
    %store/vec4 v0x14b06a1c0_0, 0, 32;
    %load/vec4 v0x14b069b40_0;
    %dup/vec4;
    %pushi/vec4 0, 0, 2;
    %cmp/u;
    %jmp/1 T_10.7, 6;
    %dup/vec4;
    %pushi/vec4 1, 0, 2;
    %cmp/u;
    %jmp/1 T_10.8, 6;
    %dup/vec4;
    %pushi/vec4 2, 0, 2;
    %cmp/u;
    %jmp/1 T_10.9, 6;
    %dup/vec4;
    %pushi/vec4 3, 0, 2;
    %cmp/u;
    %jmp/1 T_10.10, 6;
    %jmp T_10.11;
T_10.7 ;
    %load/vec4 v0x14b06a390_0;
    %parti/s 8, 0, 2;
    %ix/load 4, 0, 0;
    %flag_set/imm 4, 0;
    %store/vec4 v0x14b06a1c0_0, 4, 8;
    %jmp T_10.11;
T_10.8 ;
    %load/vec4 v0x14b06a390_0;
    %parti/s 8, 0, 2;
    %ix/load 4, 8, 0;
    %flag_set/imm 4, 0;
    %store/vec4 v0x14b06a1c0_0, 4, 8;
    %jmp T_10.11;
T_10.9 ;
    %load/vec4 v0x14b06a390_0;
    %parti/s 8, 0, 2;
    %ix/load 4, 16, 0;
    %flag_set/imm 4, 0;
    %store/vec4 v0x14b06a1c0_0, 4, 8;
    %jmp T_10.11;
T_10.10 ;
    %load/vec4 v0x14b06a390_0;
    %parti/s 8, 0, 2;
    %ix/load 4, 24, 0;
    %flag_set/imm 4, 0;
    %store/vec4 v0x14b06a1c0_0, 4, 8;
    %jmp T_10.11;
T_10.11 ;
    %pop/vec4 1;
    %load/vec4 v0x14b06a1c0_0;
    %store/vec4 v0x14b06a000_0, 0, 32;
    %jmp T_10.6;
T_10.3 ;
    %load/vec4 v0x14b069f70_0;
    %store/vec4 v0x14b06a1c0_0, 0, 32;
    %load/vec4 v0x14b069b40_0;
    %dup/vec4;
    %pushi/vec4 0, 0, 2;
    %cmp/u;
    %jmp/1 T_10.12, 6;
    %dup/vec4;
    %pushi/vec4 1, 0, 2;
    %cmp/u;
    %jmp/1 T_10.13, 6;
    %dup/vec4;
    %pushi/vec4 2, 0, 2;
    %cmp/u;
    %jmp/1 T_10.14, 6;
    %jmp T_10.15;
T_10.12 ;
    %load/vec4 v0x14b06a390_0;
    %parti/s 16, 0, 2;
    %ix/load 4, 0, 0;
    %flag_set/imm 4, 0;
    %store/vec4 v0x14b06a1c0_0, 4, 16;
    %jmp T_10.15;
T_10.13 ;
    %load/vec4 v0x14b06a390_0;
    %parti/s 16, 0, 2;
    %ix/load 4, 8, 0;
    %flag_set/imm 4, 0;
    %store/vec4 v0x14b06a1c0_0, 4, 16;
    %jmp T_10.15;
T_10.14 ;
    %load/vec4 v0x14b06a390_0;
    %parti/s 16, 0, 2;
    %ix/load 4, 16, 0;
    %flag_set/imm 4, 0;
    %store/vec4 v0x14b06a1c0_0, 4, 16;
    %jmp T_10.15;
T_10.15 ;
    %pop/vec4 1;
    %load/vec4 v0x14b06a1c0_0;
    %store/vec4 v0x14b06a000_0, 0, 32;
    %jmp T_10.6;
T_10.4 ;
    %load/vec4 v0x14b06a390_0;
    %store/vec4 v0x14b06a000_0, 0, 32;
    %jmp T_10.6;
T_10.6 ;
    %pop/vec4 1;
T_10.0 ;
    %jmp T_10;
    .thread T_10, $push;
    .scope S_0x14b0685d0;
T_11 ;
    %wait E_0x14b068890;
    %load/vec4 v0x14b069e10_0;
    %flag_set/vec4 8;
    %jmp/0xz  T_11.0, 8;
    %load/vec4 v0x14b069d20_0;
    %dup/vec4;
    %pushi/vec4 0, 0, 3;
    %cmp/u;
    %jmp/1 T_11.2, 6;
    %dup/vec4;
    %pushi/vec4 1, 0, 3;
    %cmp/u;
    %jmp/1 T_11.3, 6;
    %dup/vec4;
    %pushi/vec4 2, 0, 3;
    %cmp/u;
    %jmp/1 T_11.4, 6;
    %dup/vec4;
    %pushi/vec4 4, 0, 3;
    %cmp/u;
    %jmp/1 T_11.5, 6;
    %dup/vec4;
    %pushi/vec4 5, 0, 3;
    %cmp/u;
    %jmp/1 T_11.6, 6;
    %load/vec4 v0x14b069f70_0;
    %store/vec4 v0x14b069c90_0, 0, 32;
    %jmp T_11.8;
T_11.2 ;
    %load/vec4 v0x14b069b40_0;
    %dup/vec4;
    %pushi/vec4 0, 0, 2;
    %cmp/u;
    %jmp/1 T_11.9, 6;
    %dup/vec4;
    %pushi/vec4 1, 0, 2;
    %cmp/u;
    %jmp/1 T_11.10, 6;
    %dup/vec4;
    %pushi/vec4 2, 0, 2;
    %cmp/u;
    %jmp/1 T_11.11, 6;
    %dup/vec4;
    %pushi/vec4 3, 0, 2;
    %cmp/u;
    %jmp/1 T_11.12, 6;
    %jmp T_11.13;
T_11.9 ;
    %load/vec4 v0x14b069f70_0;
    %parti/s 1, 7, 4;
    %replicate 24;
    %load/vec4 v0x14b069f70_0;
    %parti/s 8, 0, 2;
    %concat/vec4; draw_concat_vec4
    %store/vec4 v0x14b069c90_0, 0, 32;
    %jmp T_11.13;
T_11.10 ;
    %load/vec4 v0x14b069f70_0;
    %parti/s 1, 15, 5;
    %replicate 24;
    %load/vec4 v0x14b069f70_0;
    %parti/s 8, 8, 5;
    %concat/vec4; draw_concat_vec4
    %store/vec4 v0x14b069c90_0, 0, 32;
    %jmp T_11.13;
T_11.11 ;
    %load/vec4 v0x14b069f70_0;
    %parti/s 1, 23, 6;
    %replicate 24;
    %load/vec4 v0x14b069f70_0;
    %parti/s 8, 16, 6;
    %concat/vec4; draw_concat_vec4
    %store/vec4 v0x14b069c90_0, 0, 32;
    %jmp T_11.13;
T_11.12 ;
    %load/vec4 v0x14b069f70_0;
    %parti/s 1, 31, 6;
    %replicate 24;
    %load/vec4 v0x14b069f70_0;
    %parti/s 8, 24, 6;
    %concat/vec4; draw_concat_vec4
    %store/vec4 v0x14b069c90_0, 0, 32;
    %jmp T_11.13;
T_11.13 ;
    %pop/vec4 1;
    %jmp T_11.8;
T_11.3 ;
    %load/vec4 v0x14b069b40_0;
    %dup/vec4;
    %pushi/vec4 0, 0, 2;
    %cmp/u;
    %jmp/1 T_11.14, 6;
    %dup/vec4;
    %pushi/vec4 1, 0, 2;
    %cmp/u;
    %jmp/1 T_11.15, 6;
    %dup/vec4;
    %pushi/vec4 2, 0, 2;
    %cmp/u;
    %jmp/1 T_11.16, 6;
    %load/vec4 v0x14b069f70_0;
    %store/vec4 v0x14b069c90_0, 0, 32;
    %jmp T_11.18;
T_11.14 ;
    %load/vec4 v0x14b069f70_0;
    %parti/s 1, 15, 5;
    %replicate 16;
    %load/vec4 v0x14b069f70_0;
    %parti/s 16, 0, 2;
    %concat/vec4; draw_concat_vec4
    %store/vec4 v0x14b069c90_0, 0, 32;
    %jmp T_11.18;
T_11.15 ;
    %load/vec4 v0x14b069f70_0;
    %parti/s 1, 23, 6;
    %replicate 16;
    %load/vec4 v0x14b069f70_0;
    %parti/s 16, 8, 5;
    %concat/vec4; draw_concat_vec4
    %store/vec4 v0x14b069c90_0, 0, 32;
    %jmp T_11.18;
T_11.16 ;
    %load/vec4 v0x14b069f70_0;
    %parti/s 1, 31, 6;
    %replicate 16;
    %load/vec4 v0x14b069f70_0;
    %parti/s 16, 16, 6;
    %concat/vec4; draw_concat_vec4
    %store/vec4 v0x14b069c90_0, 0, 32;
    %jmp T_11.18;
T_11.18 ;
    %pop/vec4 1;
    %jmp T_11.8;
T_11.4 ;
    %load/vec4 v0x14b069f70_0;
    %store/vec4 v0x14b069c90_0, 0, 32;
    %jmp T_11.8;
T_11.5 ;
    %load/vec4 v0x14b069b40_0;
    %dup/vec4;
    %pushi/vec4 0, 0, 2;
    %cmp/u;
    %jmp/1 T_11.19, 6;
    %dup/vec4;
    %pushi/vec4 1, 0, 2;
    %cmp/u;
    %jmp/1 T_11.20, 6;
    %dup/vec4;
    %pushi/vec4 2, 0, 2;
    %cmp/u;
    %jmp/1 T_11.21, 6;
    %dup/vec4;
    %pushi/vec4 3, 0, 2;
    %cmp/u;
    %jmp/1 T_11.22, 6;
    %jmp T_11.23;
T_11.19 ;
    %pushi/vec4 0, 0, 24;
    %load/vec4 v0x14b069f70_0;
    %parti/s 8, 0, 2;
    %concat/vec4; draw_concat_vec4
    %store/vec4 v0x14b069c90_0, 0, 32;
    %jmp T_11.23;
T_11.20 ;
    %pushi/vec4 0, 0, 24;
    %load/vec4 v0x14b069f70_0;
    %parti/s 8, 8, 5;
    %concat/vec4; draw_concat_vec4
    %store/vec4 v0x14b069c90_0, 0, 32;
    %jmp T_11.23;
T_11.21 ;
    %pushi/vec4 0, 0, 24;
    %load/vec4 v0x14b069f70_0;
    %parti/s 8, 16, 6;
    %concat/vec4; draw_concat_vec4
    %store/vec4 v0x14b069c90_0, 0, 32;
    %jmp T_11.23;
T_11.22 ;
    %pushi/vec4 0, 0, 24;
    %load/vec4 v0x14b069f70_0;
    %parti/s 8, 24, 6;
    %concat/vec4; draw_concat_vec4
    %store/vec4 v0x14b069c90_0, 0, 32;
    %jmp T_11.23;
T_11.23 ;
    %pop/vec4 1;
    %jmp T_11.8;
T_11.6 ;
    %load/vec4 v0x14b069b40_0;
    %dup/vec4;
    %pushi/vec4 0, 0, 2;
    %cmp/u;
    %jmp/1 T_11.24, 6;
    %dup/vec4;
    %pushi/vec4 1, 0, 2;
    %cmp/u;
    %jmp/1 T_11.25, 6;
    %dup/vec4;
    %pushi/vec4 2, 0, 2;
    %cmp/u;
    %jmp/1 T_11.26, 6;
    %load/vec4 v0x14b069f70_0;
    %store/vec4 v0x14b069c90_0, 0, 32;
    %jmp T_11.28;
T_11.24 ;
    %pushi/vec4 0, 0, 16;
    %load/vec4 v0x14b069f70_0;
    %parti/s 16, 0, 2;
    %concat/vec4; draw_concat_vec4
    %store/vec4 v0x14b069c90_0, 0, 32;
    %jmp T_11.28;
T_11.25 ;
    %pushi/vec4 0, 0, 16;
    %load/vec4 v0x14b069f70_0;
    %parti/s 16, 8, 5;
    %concat/vec4; draw_concat_vec4
    %store/vec4 v0x14b069c90_0, 0, 32;
    %jmp T_11.28;
T_11.26 ;
    %pushi/vec4 0, 0, 16;
    %load/vec4 v0x14b069f70_0;
    %parti/s 16, 16, 6;
    %concat/vec4; draw_concat_vec4
    %store/vec4 v0x14b069c90_0, 0, 32;
    %jmp T_11.28;
T_11.28 ;
    %pop/vec4 1;
    %jmp T_11.8;
T_11.8 ;
    %pop/vec4 1;
    %jmp T_11.1;
T_11.0 ;
    %pushi/vec4 0, 0, 32;
    %store/vec4 v0x14b069c90_0, 0, 32;
T_11.1 ;
    %jmp T_11;
    .thread T_11, $push;
    .scope S_0x14b0567f0;
T_12 ;
    %delay 5, 0;
    %load/vec4 v0x14b06c5c0_0;
    %inv;
    %store/vec4 v0x14b06c5c0_0, 0, 1;
    %jmp T_12;
    .thread T_12;
    .scope S_0x14b0567f0;
T_13 ;
    %vpi_call 2 20 "$dumpfile", "cpu_simulation.vcd" {0 0 0};
    %vpi_call 2 21 "$dumpvars", 32'sb00000000000000000000000000000000, S_0x14b0567f0 {0 0 0};
    %pushi/vec4 0, 0, 1;
    %store/vec4 v0x14b06c5c0_0, 0, 1;
    %pushi/vec4 0, 0, 1;
    %store/vec4 v0x14b06c650_0, 0, 1;
    %delay 10, 0;
    %pushi/vec4 1, 0, 1;
    %store/vec4 v0x14b06c650_0, 0, 1;
    %vpi_call 2 28 "$monitor", "Time=%0t, PC=%h, ALUoperand2=%h, Instruction=%h, ALU_Result=%d, ReadData1=%h, ReadData2=%h, WriteData=%h, Branch=%b, MemRead=%b, MemToReg=%b, MemWrite=%b, ALUSrc=%b, RegWrite=%b", $time, v0x14b06bdc0_0, v0x14b06b020_0, v0x14b06b8c0_0, v0x14b06b200_0, v0x14b06bff0_0, v0x14b06c0c0_0, v0x14b06c330_0, v0x14b06b3a0_0, v0x14b06bb00_0, v0x14b06bc20_0, v0x14b06bcf0_0, v0x14b06b310_0, v0x14b06c150_0 {0 0 0};
    %delay 3000, 0;
    %vpi_call 2 35 "$finish" {0 0 0};
    %end;
    .thread T_13;
# The file index is used to find the file name in the following table.
:file_names 16;
    "N/A";
    "<interactive>";
    "tb_riscv_sc.v";
    "./SingleCycleCPU.v";
    "./ALU.v";
    "./ALUCtrl.v";
    "./Adder.v";
    "./Control.v";
    "./ImmGen.v";
    "./InstructionMemory.v";
    "./Mux2to1.v";
    "./PC.v";
    "./Register.v";
    "./ShiftLeftOne.v";
    "./WrapperMemory.v";
    "./DataMemory.v";
